[INFO] 18:18:01:355 Cliente/(15040:15040): IP: 127.0.0.1 y PUERTO: 4444 

[INFO] 18:18:01:356 Cliente/(15040:15040): Conexion Creada
[INFO] 18:18:33:322 Cliente/(15050:15050): IP: 127.0.0.1 y PUERTO: 4444 

[INFO] 18:18:33:322 Cliente/(15050:15050): Conexion Creada
[INFO] 18:18:36:386 Cliente/(15050:15050): Mensaje Enviado
[INFO] 18:18:36:387 Cliente/(15050:15050): Mensaje recibido
[INFO] 18:18:36:387 Cliente/(15050:15050): El mensaje recibido es: asd

[INFO] 18:18:44:778 Cliente/(15055:15055): IP: 127.0.0.1 y PUERTO: 4444 

[INFO] 18:18:44:781 Cliente/(15055:15055): Conexion Creada
[INFO] 18:18:48:909 Cliente/(15055:15055): Mensaje Enviado
[INFO] 18:18:48:909 Cliente/(15055:15055): Mensaje recibido
[INFO] 18:18:48:909 Cliente/(15055:15055): El mensaje recibido es: mierda

[INFO] 18:18:53:312 Cliente/(15061:15061): IP: 127.0.0.1 y PUERTO: 4444 

[INFO] 18:18:53:312 Cliente/(15061:15061): Conexion Creada
[INFO] 18:19:01:254 Cliente/(15061:15061): Mensaje Enviado
[INFO] 18:19:01:256 Cliente/(15061:15061): Mensaje recibido
[INFO] 18:19:01:256 Cliente/(15061:15061): El mensaje recibido es: este

[INFO] 18:19:05:832 Cliente/(15064:15064): IP: 127.0.0.1 y PUERTO: 4444 

[INFO] 18:19:05:837 Cliente/(15064:15064): Conexion Creada
[INFO] 18:19:13:50 Cliente/(15064:15064): Mensaje Enviado
[INFO] 18:19:13:50 Cliente/(15064:15064): Mensaje recibido
[INFO] 18:19:13:50 Cliente/(15064:15064): El mensaje recibido es: hola

[INFO] 18:19:20:675 Cliente/(15067:15067): IP: 127.0.0.1 y PUERTO: 4444 

[INFO] 18:19:20:675 Cliente/(15067:15067): Conexion Creada
[INFO] 18:19:24:978 Cliente/(15067:15067): Mensaje Enviado
[INFO] 18:19:24:978 Cliente/(15067:15067): Mensaje recibido
[INFO] 18:19:24:978 Cliente/(15067:15067): El mensaje recibido es: es

[INFO] 18:19:26:668 Cliente/(15071:15071): IP: 127.0.0.1 y PUERTO: 4444 

[INFO] 18:19:26:670 Cliente/(15071:15071): Conexion Creada
[INFO] 18:19:29:992 Cliente/(15071:15071): Mensaje Enviado
[INFO] 18:19:29:992 Cliente/(15071:15071): Mensaje recibido
[INFO] 18:19:29:992 Cliente/(15071:15071): El mensaje recibido es: este

