[INFO] 14:14:00:548 Cliente/(23738:23738): Primer log ingresado
[INFO] 14:14:00:548 Cliente/(23738:23738): Conexion Creada. IP: 127.0.0.1 y PUERTO: 4444 
[INFO] 14:14:00:548 Cliente/(23738:23738): Mensaje Creado
[INFO] 14:14:00:548 Cliente/(23738:23738): Mensaje Serializado
[INFO] 14:14:00:548 Cliente/(23738:23738): Mensaje Enviado
[INFO] 14:14:00:549 Cliente/(23738:23738): Codigo operacion recibido.
[INFO] 14:14:00:549 Cliente/(23738:23738): 1
[INFO] 14:14:00:549 Cliente/(23738:23738): Mensaje Recibido
[INFO] 14:14:00:549 Cliente/(23738:23738): Mensaje Deserializado
[INFO] 14:14:00:549 Cliente/(23738:23738): ESTE ES EL MENSAJE XD
[INFO] 14:15:18:464 Cliente/(24029:24029): Primer log ingresado
[INFO] 14:15:18:464 Cliente/(24029:24029): Conexion Creada. IP: 127.0.0.1 y PUERTO: 4444 
[INFO] 14:15:18:464 Cliente/(24029:24029): Mensaje Creado
[INFO] 14:15:18:464 Cliente/(24029:24029): Mensaje Serializado
[INFO] 14:15:18:464 Cliente/(24029:24029): Mensaje Enviado
[INFO] 14:15:18:465 Cliente/(24029:24029): Codigo operacion recibido.
[INFO] 14:15:18:465 Cliente/(24029:24029): 1
[INFO] 14:15:18:465 Cliente/(24029:24029): Mensaje Recibido
[INFO] 14:15:18:465 Cliente/(24029:24029): Mensaje Deserializado
[INFO] 14:15:18:465 Cliente/(24029:24029): ESTE ES EL MENSAJE XD
[INFO] 13:04:19:129 Cliente/(3931:3931): Primer log ingresado
[INFO] 13:04:19:137 Cliente/(3931:3931): Conexion Creada. IP: 127.0.0.1 y PUERTO: 4444 
[INFO] 13:04:19:137 Cliente/(3931:3931): Mensaje Creado
[INFO] 13:04:19:137 Cliente/(3931:3931): Mensaje Serializado
[INFO] 13:04:19:137 Cliente/(3931:3931): Mensaje Enviado
[INFO] 13:04:19:138 Cliente/(3931:3931): Codigo operacion recibido.
[INFO] 13:04:19:138 Cliente/(3931:3931): 1
[INFO] 13:04:19:138 Cliente/(3931:3931): Mensaje Recibido
[INFO] 13:04:19:138 Cliente/(3931:3931): Mensaje Deserializado
[INFO] 13:04:19:138 Cliente/(3931:3931): ESTE ES EL MENSAJE XD
[INFO] 00:07:44:338 Cliente/(14853:14853): Primer log ingresado
[INFO] 00:07:44:366 Cliente/(14853:14853): Conexion Creada. IP: 127.0.0.1 y PUERTO: 4444 
[INFO] 00:07:44:366 Cliente/(14853:14853): Mensaje Creado
[INFO] 00:07:44:367 Cliente/(14853:14853): Mensaje Serializado
[INFO] 00:07:44:367 Cliente/(14853:14853): Mensaje Enviado
[INFO] 00:07:46:102 Cliente/(14853:14853): Codigo operacion recibido.
[INFO] 00:07:46:102 Cliente/(14853:14853): -1
[INFO] 00:07:46:102 Cliente/(14853:14853): Mensaje Recibido
[INFO] 00:07:46:102 Cliente/(14853:14853): Invalid op_code

[INFO] 00:12:50:386 Cliente/(14922:14922): Primer log ingresado
[INFO] 00:12:50:386 Cliente/(14922:14922): Conexion Creada. IP: 127.0.0.1 y PUERTO: 4444 
[INFO] 00:12:50:387 Cliente/(14922:14922): Mensaje Creado
[INFO] 00:12:50:387 Cliente/(14922:14922): Mensaje Serializado
[INFO] 00:12:50:387 Cliente/(14922:14922): Mensaje Enviado
[INFO] 00:12:50:875 Cliente/(14922:14922): Codigo operacion recibido.
[INFO] 00:12:50:875 Cliente/(14922:14922): -1
[INFO] 00:12:50:875 Cliente/(14922:14922): Mensaje Recibido
[INFO] 00:12:50:875 Cliente/(14922:14922): Invalid op_code

[INFO] 00:22:04:946 Cliente/(15518:15518): Primer log ingresado
[INFO] 00:22:04:989 Cliente/(15518:15518): Conexion Creada. IP: 127.0.0.1 y PUERTO: 4444 
[INFO] 00:22:04:990 Cliente/(15518:15518): Mensaje Creado
[INFO] 00:22:04:990 Cliente/(15518:15518): Mensaje Serializado
[INFO] 00:22:04:990 Cliente/(15518:15518): Mensaje Enviado
[INFO] 00:22:14:676 Cliente/(15518:15518): Codigo operacion recibido.
[INFO] 00:22:14:677 Cliente/(15518:15518): -1077988296
[INFO] 00:22:14:677 Cliente/(15518:15518): Mensaje Recibido
[INFO] 00:22:14:677 Cliente/(15518:15518): Invalid op_code

[INFO] 00:23:35:975 Cliente/(15611:15611): Primer log ingresado
[INFO] 00:23:35:977 Cliente/(15611:15611): Conexion Creada. IP: 127.0.0.1 y PUERTO: 4444 
[INFO] 00:23:35:977 Cliente/(15611:15611): Mensaje Creado
[INFO] 00:23:35:977 Cliente/(15611:15611): Mensaje Serializado
[INFO] 00:23:35:977 Cliente/(15611:15611): Mensaje Enviado
[INFO] 00:23:38:737 Cliente/(15611:15611): Codigo operacion recibido.
[INFO] 00:23:38:737 Cliente/(15611:15611): -1075696280
[INFO] 00:23:38:737 Cliente/(15611:15611): Mensaje Recibido
[INFO] 00:23:38:737 Cliente/(15611:15611): Invalid op_code

[INFO] 00:25:05:119 Cliente/(15730:15730): Primer log ingresado
[INFO] 00:25:05:122 Cliente/(15730:15730): Conexion Creada. IP: 127.0.0.1 y PUERTO: 4444 
[INFO] 00:25:05:122 Cliente/(15730:15730): Mensaje Creado
[INFO] 00:25:05:123 Cliente/(15730:15730): Mensaje Serializado
[INFO] 00:25:05:126 Cliente/(15730:15730): Mensaje Enviado
[INFO] 00:25:06:583 Cliente/(15730:15730): Codigo operacion recibido.
[INFO] 00:25:06:584 Cliente/(15730:15730): -1
[INFO] 00:25:06:585 Cliente/(15730:15730): Mensaje Recibido
[INFO] 00:25:06:586 Cliente/(15730:15730): Invalid op_code

[INFO] 00:27:49:873 Cliente/(15878:15878): Primer log ingresado
[INFO] 00:27:49:902 Cliente/(15878:15878): Conexion Creada. IP: 127.0.0.1 y PUERTO: 4444 
[INFO] 00:27:49:902 Cliente/(15878:15878): Mensaje Creado
[INFO] 00:27:49:902 Cliente/(15878:15878): Mensaje Serializado
[INFO] 00:27:49:902 Cliente/(15878:15878): Mensaje Enviado
[INFO] 00:27:51:856 Cliente/(15878:15878): Codigo operacion recibido.
[INFO] 00:27:51:857 Cliente/(15878:15878): -1
[INFO] 00:27:51:858 Cliente/(15878:15878): Mensaje Recibido
[INFO] 00:27:51:859 Cliente/(15878:15878): Invalid op_code

[INFO] 00:29:32:168 Cliente/(15990:15990): Primer log ingresado
[INFO] 00:29:32:169 Cliente/(15990:15990): Conexion Creada. IP: 127.0.0.1 y PUERTO: 4444 
[INFO] 00:29:32:169 Cliente/(15990:15990): Mensaje Creado
[INFO] 00:29:32:169 Cliente/(15990:15990): Mensaje Serializado
[INFO] 00:29:32:170 Cliente/(15990:15990): Mensaje Enviado
[INFO] 00:29:34:96 Cliente/(15990:15990): Codigo operacion recibido.
[INFO] 00:29:34:96 Cliente/(15990:15990): -1
[INFO] 00:29:34:96 Cliente/(15990:15990): Mensaje Recibido
[INFO] 00:29:34:96 Cliente/(15990:15990): Invalid op_code

[INFO] 00:30:53:71 Cliente/(16102:16102): Primer log ingresado
[INFO] 00:30:53:72 Cliente/(16102:16102): Conexion Creada. IP: 127.0.0.1 y PUERTO: 4444 
[INFO] 00:30:53:73 Cliente/(16102:16102): Mensaje Creado
[INFO] 00:30:53:73 Cliente/(16102:16102): Mensaje Serializado
[INFO] 00:30:53:74 Cliente/(16102:16102): Mensaje Enviado
[INFO] 00:30:53:81 Cliente/(16102:16102): Codigo operacion recibido.
[INFO] 00:30:53:81 Cliente/(16102:16102): 1
[INFO] 00:30:53:81 Cliente/(16102:16102): Mensaje Recibido
[INFO] 00:30:53:81 Cliente/(16102:16102): Mensaje Deserializado
[INFO] 00:30:53:81 Cliente/(16102:16102): Hola
[INFO] 00:33:03:679 Cliente/(16253:16253): Primer log ingresado
[INFO] 00:33:03:680 Cliente/(16253:16253): Conexion Creada. IP: 127.0.0.1 y PUERTO: 4444 
[INFO] 00:33:03:680 Cliente/(16253:16253): Mensaje Creado
[INFO] 00:33:03:684 Cliente/(16253:16253): Mensaje Serializado
[INFO] 00:33:03:684 Cliente/(16253:16253): Mensaje Enviado
[INFO] 00:33:03:687 Cliente/(16253:16253): Codigo operacion recibido.
[INFO] 00:33:03:687 Cliente/(16253:16253): 1
[INFO] 00:33:03:687 Cliente/(16253:16253): Mensaje Recibido
[INFO] 00:33:03:688 Cliente/(16253:16253): Mensaje Deserializado
[INFO] 00:33:03:688 Cliente/(16253:16253): Hola
[INFO] 00:41:21:96 Cliente/(16570:16570): Primer log ingresado
[INFO] 00:41:21:96 Cliente/(16570:16570): Conexion Creada. IP: 127.0.0.1 y PUERTO: 4444 
[INFO] 00:41:21:97 Cliente/(16570:16570): Mensaje Creado
[INFO] 00:41:21:97 Cliente/(16570:16570): Mensaje Serializado
[INFO] 00:41:21:97 Cliente/(16570:16570): Mensaje Enviado
[INFO] 00:41:22:256 Cliente/(16570:16570): Codigo operacion recibido.
[INFO] 00:41:22:256 Cliente/(16570:16570): -1
[INFO] 00:41:22:258 Cliente/(16570:16570): Mensaje Recibido
[INFO] 00:41:22:258 Cliente/(16570:16570): Invalid op_code

[INFO] 00:42:25:166 Cliente/(16662:16662): Primer log ingresado
[INFO] 00:42:25:167 Cliente/(16662:16662): Conexion Creada. IP: 127.0.0.1 y PUERTO: 4444 
[INFO] 00:42:25:168 Cliente/(16662:16662): Mensaje Creado
[INFO] 00:42:25:168 Cliente/(16662:16662): Mensaje Serializado
[INFO] 00:42:25:168 Cliente/(16662:16662): Mensaje Enviado
[INFO] 00:42:26:112 Cliente/(16662:16662): Codigo operacion recibido.
[INFO] 00:42:26:112 Cliente/(16662:16662): -1
[INFO] 00:42:26:112 Cliente/(16662:16662): Mensaje Recibido
[INFO] 00:42:26:112 Cliente/(16662:16662): Invalid op_code

[INFO] 00:44:33:917 Cliente/(16785:16785): Primer log ingresado
[INFO] 00:44:33:918 Cliente/(16785:16785): Conexion Creada. IP: 127.0.0.1 y PUERTO: 4444 
[INFO] 00:44:33:918 Cliente/(16785:16785): Mensaje Creado
[INFO] 00:44:33:918 Cliente/(16785:16785): Mensaje Serializado
[INFO] 00:44:33:918 Cliente/(16785:16785): Mensaje Enviado
[INFO] 00:44:35:279 Cliente/(16785:16785): Codigo operacion recibido.
[INFO] 00:44:35:279 Cliente/(16785:16785): -1
[INFO] 00:44:35:279 Cliente/(16785:16785): Mensaje Recibido
[INFO] 00:44:35:279 Cliente/(16785:16785): Invalid op_code

[INFO] 00:48:14:783 Cliente/(16933:16933): Primer log ingresado
[INFO] 00:48:14:784 Cliente/(16933:16933): Conexion Creada. IP: 127.0.0.1 y PUERTO: 4444 
[INFO] 00:48:14:784 Cliente/(16933:16933): Mensaje Creado
[INFO] 00:48:14:784 Cliente/(16933:16933): Mensaje Serializado
[INFO] 00:48:14:784 Cliente/(16933:16933): Mensaje Enviado
[INFO] 00:48:15:251 Cliente/(16933:16933): Codigo operacion recibido.
[INFO] 00:48:15:251 Cliente/(16933:16933): -1
[INFO] 00:48:15:251 Cliente/(16933:16933): Mensaje Recibido
[INFO] 00:48:15:251 Cliente/(16933:16933): Invalid op_code

[INFO] 00:49:55:887 Cliente/(17046:17046): Primer log ingresado
[INFO] 00:49:55:888 Cliente/(17046:17046): Conexion Creada. IP: 127.0.0.1 y PUERTO: 4444 
[INFO] 00:49:55:888 Cliente/(17046:17046): Mensaje Creado
[INFO] 00:49:55:888 Cliente/(17046:17046): Mensaje Serializado
[INFO] 00:49:55:889 Cliente/(17046:17046): Mensaje Enviado
[INFO] 00:49:56:358 Cliente/(17046:17046): Codigo operacion recibido.
[INFO] 00:49:56:358 Cliente/(17046:17046): -1
[INFO] 00:49:56:358 Cliente/(17046:17046): Mensaje Recibido
[INFO] 00:49:56:358 Cliente/(17046:17046): Invalid op_code

[INFO] 00:53:33:251 Cliente/(17176:17176): Primer log ingresado
[INFO] 00:53:33:252 Cliente/(17176:17176): Conexion Creada. IP: 127.0.0.1 y PUERTO: 4444 
[INFO] 00:53:33:252 Cliente/(17176:17176): Mensaje Creado
[INFO] 00:53:33:255 Cliente/(17176:17176): Mensaje Serializado
[INFO] 00:53:33:256 Cliente/(17176:17176): Mensaje Enviado
[INFO] 00:53:33:951 Cliente/(17176:17176): Codigo operacion recibido.
[INFO] 00:53:33:951 Cliente/(17176:17176): -1
[INFO] 00:53:33:951 Cliente/(17176:17176): Mensaje Recibido
[INFO] 00:53:33:951 Cliente/(17176:17176): Invalid op_code

[INFO] 00:55:48:312 Cliente/(17276:17276): Primer log ingresado
[INFO] 00:55:48:312 Cliente/(17276:17276): Conexion Creada. IP: 127.0.0.1 y PUERTO: 4444 
[INFO] 00:55:48:313 Cliente/(17276:17276): Mensaje Creado
[INFO] 00:55:48:313 Cliente/(17276:17276): Mensaje Serializado
[INFO] 00:55:48:313 Cliente/(17276:17276): Mensaje Enviado
[INFO] 00:55:48:773 Cliente/(17276:17276): Codigo operacion recibido.
[INFO] 00:55:48:773 Cliente/(17276:17276): -1
[INFO] 00:55:48:773 Cliente/(17276:17276): Mensaje Recibido
[INFO] 00:55:48:773 Cliente/(17276:17276): Invalid op_code

[INFO] 00:56:26:385 Cliente/(17362:17362): Primer log ingresado
[INFO] 00:56:26:386 Cliente/(17362:17362): Conexion Creada. IP: 127.0.0.1 y PUERTO: 4444 
[INFO] 00:56:26:388 Cliente/(17362:17362): Mensaje Creado
[INFO] 00:56:26:389 Cliente/(17362:17362): Mensaje Serializado
[INFO] 00:56:26:389 Cliente/(17362:17362): Mensaje Enviado
[INFO] 00:56:26:392 Cliente/(17362:17362): Codigo operacion recibido.
[INFO] 00:56:26:393 Cliente/(17362:17362): 1
[INFO] 00:56:26:393 Cliente/(17362:17362): Mensaje Recibido
[INFO] 00:56:26:393 Cliente/(17362:17362): Mensaje Deserializado
[INFO] 00:56:26:393 Cliente/(17362:17362): hola
[INFO] 01:07:36:327 Cliente/(17680:17680): Primer log ingresado
[INFO] 01:07:36:336 Cliente/(17680:17680): Conexion Creada. IP: 127.0.0.1 y PUERTO: 4444 
[INFO] 01:07:36:337 Cliente/(17680:17680): Mensaje Creado
[INFO] 01:07:36:337 Cliente/(17680:17680): Mensaje Serializado
[INFO] 01:07:36:337 Cliente/(17680:17680): Mensaje Enviado
[INFO] 01:07:38:10 Cliente/(17680:17680): Codigo operacion recibido.
[INFO] 01:07:38:10 Cliente/(17680:17680): -1
[INFO] 01:07:38:11 Cliente/(17680:17680): Mensaje Recibido
[INFO] 01:07:38:11 Cliente/(17680:17680): Invalid op_code

[INFO] 01:27:42:892 Cliente/(18593:18593): Primer log ingresado
[INFO] 01:27:42:909 Cliente/(18593:18593): Conexion Creada. IP: 127.0.0.1 y PUERTO: 4444 
[INFO] 01:29:38:578 Cliente/(18693:18693): Primer log ingresado
[INFO] 01:29:38:579 Cliente/(18693:18693): Conexion Creada. IP: 127.0.0.1 y PUERTO: 4444 
[INFO] 01:31:11:533 Cliente/(18796:18796): Primer log ingresado
[INFO] 01:31:11:534 Cliente/(18796:18796): Conexion Creada. IP: 127.0.0.1 y PUERTO: 4444 
[INFO] 01:32:38:49 Cliente/(18923:18923): Primer log ingresado
[INFO] 01:32:38:52 Cliente/(18923:18923): Conexion Creada. IP: 127.0.0.1 y PUERTO: 4444 
[INFO] 01:34:04:956 Cliente/(19126:19126): Primer log ingresado
[INFO] 01:34:04:957 Cliente/(19126:19126): Conexion Creada. IP: 127.0.0.1 y PUERTO: 4444 
[INFO] 01:34:53:180 Cliente/(19133:19133): Primer log ingresado
[INFO] 01:34:53:180 Cliente/(19133:19133): Conexion Creada. IP: 127.0.0.1 y PUERTO: 4444 
[INFO] 01:35:04:941 Cliente/(19144:19144): Primer log ingresado
[INFO] 01:35:04:942 Cliente/(19144:19144): Conexion Creada. IP: 127.0.0.1 y PUERTO: 4444 
[INFO] 01:41:25:222 Cliente/(19274:19274): Primer log ingresado
[INFO] 01:41:25:222 Cliente/(19274:19274): Conexion Creada. IP: 127.0.0.1 y PUERTO: 4444 
[INFO] 01:41:56:866 Cliente/(19354:19354): Primer log ingresado
[INFO] 01:41:56:867 Cliente/(19354:19354): Conexion Creada. IP: 127.0.0.1 y PUERTO: 4444 
[INFO] 01:44:26:688 Cliente/(19512:19512): Primer log ingresado
[INFO] 01:44:26:689 Cliente/(19512:19512): Conexion Creada. IP: 127.0.0.1 y PUERTO: 4444 
[INFO] 01:45:09:945 Cliente/(19597:19597): Primer log ingresado
[INFO] 01:45:09:945 Cliente/(19597:19597): Conexion Creada. IP: 127.0.0.1 y PUERTO: 4444 
[INFO] 01:47:23:44 Cliente/(19698:19698): Primer log ingresado
[INFO] 01:47:23:45 Cliente/(19698:19698): Conexion Creada. IP: 127.0.0.1 y PUERTO: 4444 
[INFO] 01:49:11:296 Cliente/(19806:19806): Primer log ingresado
[INFO] 01:49:11:296 Cliente/(19806:19806): Conexion Creada. IP: 127.0.0.1 y PUERTO: 4444 
[INFO] 01:53:06:467 Cliente/(19954:19954): Primer log ingresado
[INFO] 01:53:06:494 Cliente/(19954:19954): Conexion Creada. IP: 127.0.0.1 y PUERTO: 4444 
[INFO] 01:56:39:842 Cliente/(20104:20104): Primer log ingresado
[INFO] 01:56:39:859 Cliente/(20104:20104): Conexion Creada. IP: 127.0.0.1 y PUERTO: 4444 
[INFO] 01:57:26:411 Cliente/(20186:20186): Primer log ingresado
[INFO] 01:57:26:411 Cliente/(20186:20186): Conexion Creada. IP: 127.0.0.1 y PUERTO: 4444 
[INFO] 02:02:53:844 Cliente/(20497:20497): Primer log ingresado
[INFO] 02:02:53:845 Cliente/(20497:20497): Conexion Creada. IP: 127.0.0.1 y PUERTO: 4444 
[INFO] 02:04:51:54 Cliente/(20609:20609): Primer log ingresado
[INFO] 02:04:51:82 Cliente/(20609:20609): Conexion Creada. IP: 127.0.0.1 y PUERTO: 4444 
[INFO] 02:05:40:64 Cliente/(20697:20697): Primer log ingresado
[INFO] 02:05:40:84 Cliente/(20697:20697): Conexion Creada. IP: 127.0.0.1 y PUERTO: 4444 
[INFO] 02:07:50:2 Cliente/(20871:20871): Primer log ingresado
[INFO] 02:07:51:5 Cliente/(20871:20871): Conexion Creada. IP: 127.0.0.1 y PUERTO: 4444 
[INFO] 02:10:09:806 Cliente/(21000:21000): Primer log ingresado
[INFO] 02:10:09:807 Cliente/(21000:21000): Conexion Creada. IP: 127.0.0.1 y PUERTO: 4444 
[INFO] 02:10:59:518 Cliente/(21086:21086): Primer log ingresado
[INFO] 02:10:59:518 Cliente/(21086:21086): Conexion Creada. IP: 127.0.0.1 y PUERTO: 4444 
[INFO] 02:13:12:370 Cliente/(21240:21240): Primer log ingresado
[INFO] 02:13:12:370 Cliente/(21240:21240): Conexion Creada. IP: 127.0.0.1 y PUERTO: 4444 
[INFO] 02:14:43:283 Cliente/(21339:21339): Primer log ingresado
[INFO] 02:14:43:283 Cliente/(21339:21339): Conexion Creada. IP: 127.0.0.1 y PUERTO: 4444 
[INFO] 02:15:29:773 Cliente/(21428:21428): Primer log ingresado
[INFO] 02:15:29:773 Cliente/(21428:21428): Conexion Creada. IP: 127.0.0.1 y PUERTO: 4444 
[INFO] 02:16:14:27 Cliente/(21522:21522): Primer log ingresado
[INFO] 02:16:14:28 Cliente/(21522:21522): Conexion Creada. IP: 127.0.0.1 y PUERTO: 4444 
[INFO] 02:16:45:657 Cliente/(21608:21608): Primer log ingresado
[INFO] 02:16:45:658 Cliente/(21608:21608): Conexion Creada. IP: 127.0.0.1 y PUERTO: 4444 
[INFO] 02:17:15:733 Cliente/(21700:21700): Primer log ingresado
[INFO] 02:17:15:733 Cliente/(21700:21700): Conexion Creada. IP: 127.0.0.1 y PUERTO: 4444 
[INFO] 02:17:15:734 Cliente/(21700:21700): Mensaje Creado
[INFO] 02:17:15:734 Cliente/(21700:21700): Mensaje Serializado
[INFO] 02:17:15:734 Cliente/(21700:21700): Mensaje Enviado
[INFO] 02:21:35:294 Cliente/(21869:21869): Primer log ingresado
[INFO] 02:21:35:294 Cliente/(21869:21869): Conexion Creada. IP: 127.0.0.1 y PUERTO: 4444 
[INFO] 02:21:35:295 Cliente/(21869:21869): Mensaje Creado
[INFO] 02:21:35:295 Cliente/(21869:21869): Mensaje Serializado
[INFO] 02:21:35:295 Cliente/(21869:21869): Mensaje Enviado
[INFO] 02:23:49:445 Cliente/(21988:21988): Primer log ingresado
[INFO] 02:23:49:445 Cliente/(21988:21988): Conexion Creada. IP: 127.0.0.1 y PUERTO: 4444 
[INFO] 02:23:49:446 Cliente/(21988:21988): Mensaje Creado
[INFO] 02:23:49:446 Cliente/(21988:21988): Mensaje Serializado
[INFO] 02:23:49:446 Cliente/(21988:21988): Mensaje Enviado
[INFO] 02:24:40:861 Cliente/(22081:22081): Primer log ingresado
[INFO] 02:24:40:871 Cliente/(22081:22081): Conexion Creada. IP: 127.0.0.1 y PUERTO: 4444 
[INFO] 02:24:40:871 Cliente/(22081:22081): Mensaje Creado
[INFO] 02:24:40:872 Cliente/(22081:22081): Mensaje Serializado
[INFO] 02:24:40:872 Cliente/(22081:22081): Mensaje Enviado
[INFO] 02:28:22:79 Cliente/(22221:22221): Primer log ingresado
[INFO] 02:28:22:110 Cliente/(22221:22221): Conexion Creada. IP: 127.0.0.1 y PUERTO: 4444 
[INFO] 02:28:22:111 Cliente/(22221:22221): Mensaje Creado
[INFO] 02:28:22:111 Cliente/(22221:22221): Mensaje Serializado
[INFO] 02:28:22:111 Cliente/(22221:22221): Mensaje Enviado
[INFO] 02:34:22:946 Cliente/(22461:22461): Primer log ingresado
[INFO] 02:34:22:982 Cliente/(22461:22461): Conexion Creada. IP: 127.0.0.1 y PUERTO: 4444 
[INFO] 02:34:22:983 Cliente/(22461:22461): Mensaje Creado
[INFO] 02:34:22:983 Cliente/(22461:22461): Mensaje Serializado
[INFO] 02:34:22:983 Cliente/(22461:22461): Mensaje Enviado
[INFO] 02:36:09:183 Cliente/(22592:22592): Primer log ingresado
[INFO] 02:36:09:232 Cliente/(22592:22592): Conexion Creada. IP: 127.0.0.1 y PUERTO: 4444 
[INFO] 02:36:09:233 Cliente/(22592:22592): Mensaje Creado
[INFO] 02:36:09:233 Cliente/(22592:22592): Mensaje Serializado
[INFO] 02:36:09:233 Cliente/(22592:22592): Mensaje Enviado
[INFO] 02:37:10:447 Cliente/(22696:22696): Primer log ingresado
[INFO] 02:37:10:448 Cliente/(22696:22696): Conexion Creada. IP: 127.0.0.1 y PUERTO: 4444 
[INFO] 02:37:10:448 Cliente/(22696:22696): Mensaje Creado
[INFO] 02:37:10:449 Cliente/(22696:22696): Mensaje Serializado
[INFO] 02:37:10:449 Cliente/(22696:22696): Mensaje Enviado
[INFO] 02:40:13:969 Cliente/(22832:22832): Primer log ingresado
[INFO] 02:40:14:5 Cliente/(22832:22832): Conexion Creada. IP: 127.0.0.1 y PUERTO: 4444 
[INFO] 02:40:14:6 Cliente/(22832:22832): Mensaje Creado
[INFO] 02:40:14:6 Cliente/(22832:22832): Mensaje Serializado
[INFO] 02:40:14:7 Cliente/(22832:22832): Mensaje Enviado
[INFO] 02:42:52:463 Cliente/(22973:22973): Primer log ingresado
[INFO] 02:42:52:464 Cliente/(22973:22973): Conexion Creada. IP: 127.0.0.1 y PUERTO: 4444 
[INFO] 02:42:52:464 Cliente/(22973:22973): Mensaje Creado
[INFO] 02:42:52:464 Cliente/(22973:22973): Mensaje Serializado
[INFO] 02:42:52:465 Cliente/(22973:22973): Mensaje Enviado
[INFO] 02:50:05:183 Cliente/(23197:23197): Primer log ingresado
[INFO] 02:50:05:218 Cliente/(23197:23197): Conexion Creada. IP: 127.0.0.1 y PUERTO: 4444 
[INFO] 02:50:05:218 Cliente/(23197:23197): Mensaje Creado
[INFO] 02:50:05:219 Cliente/(23197:23197): Mensaje Serializado
[INFO] 02:50:05:219 Cliente/(23197:23197): Mensaje Enviado
[INFO] 02:52:20:966 Cliente/(23330:23330): Primer log ingresado
[INFO] 02:52:20:984 Cliente/(23330:23330): Conexion Creada. IP: 127.0.0.1 y PUERTO: 4444 
[INFO] 02:52:20:984 Cliente/(23330:23330): Mensaje Creado
[INFO] 02:52:20:984 Cliente/(23330:23330): Mensaje Serializado
[INFO] 02:52:20:984 Cliente/(23330:23330): Mensaje Enviado
[INFO] 02:55:21:22 Cliente/(23475:23475): Primer log ingresado
[INFO] 02:55:21:61 Cliente/(23475:23475): Conexion Creada. IP: 127.0.0.1 y PUERTO: 4444 
[INFO] 02:55:21:61 Cliente/(23475:23475): Mensaje Creado
[INFO] 02:55:21:62 Cliente/(23475:23475): Mensaje Serializado
[INFO] 02:55:21:62 Cliente/(23475:23475): Mensaje Enviado
[INFO] 02:57:27:199 Cliente/(23573:23573): Primer log ingresado
[INFO] 02:57:27:243 Cliente/(23573:23573): Conexion Creada. IP: 127.0.0.1 y PUERTO: 4444 
[INFO] 02:57:27:243 Cliente/(23573:23573): Mensaje Creado
[INFO] 02:57:27:243 Cliente/(23573:23573): Mensaje Serializado
[INFO] 02:57:27:244 Cliente/(23573:23573): Mensaje Enviado
[INFO] 02:58:18:149 Cliente/(23664:23664): Primer log ingresado
[INFO] 02:58:18:149 Cliente/(23664:23664): Conexion Creada. IP: 127.0.0.1 y PUERTO: 4444 
[INFO] 02:58:18:150 Cliente/(23664:23664): Mensaje Creado
[INFO] 02:58:18:150 Cliente/(23664:23664): Mensaje Serializado
[INFO] 02:58:18:150 Cliente/(23664:23664): Mensaje Enviado
[INFO] 03:04:55:509 Cliente/(23867:23867): Primer log ingresado
[INFO] 03:04:55:571 Cliente/(23867:23867): Conexion Creada. IP: 127.0.0.1 y PUERTO: 4444 
[INFO] 03:04:55:571 Cliente/(23867:23867): Mensaje Creado
[INFO] 03:04:55:571 Cliente/(23867:23867): Mensaje Serializado
[INFO] 03:04:55:572 Cliente/(23867:23867): Mensaje Enviado
[INFO] 13:05:18:913 Cliente/(4245:4245): Primer log ingresado
[INFO] 13:05:18:978 Cliente/(4245:4245): Conexion Creada. IP: 127.0.0.1 y PUERTO: 4444 
[INFO] 13:05:18:979 Cliente/(4245:4245): Mensaje Creado
[INFO] 13:05:18:979 Cliente/(4245:4245): Mensaje Serializado
[INFO] 13:05:18:979 Cliente/(4245:4245): Mensaje Enviado
[INFO] 13:09:17:837 Cliente/(4440:4440): Primer log ingresado
[INFO] 13:09:17:879 Cliente/(4440:4440): Conexion Creada. IP: 127.0.0.1 y PUERTO: 4444 
[INFO] 13:09:17:880 Cliente/(4440:4440): Mensaje Creado
[INFO] 13:09:17:880 Cliente/(4440:4440): Mensaje Serializado
[INFO] 13:09:17:880 Cliente/(4440:4440): Mensaje Enviado
[INFO] 13:16:15:564 Cliente/(4844:4844): Primer log ingresado
[INFO] 13:16:15:565 Cliente/(4844:4844): Conexion Creada. IP: 127.0.0.1 y PUERTO: 4444 
[INFO] 13:16:15:565 Cliente/(4844:4844): Mensaje Creado
[INFO] 13:16:15:565 Cliente/(4844:4844): Mensaje Serializado
[INFO] 13:16:15:566 Cliente/(4844:4844): Mensaje Enviado
[INFO] 13:18:10:619 Cliente/(4985:4985): Primer log ingresado
[INFO] 13:18:10:621 Cliente/(4985:4985): Conexion Creada. IP: 127.0.0.1 y PUERTO: 4444 
[INFO] 13:18:10:621 Cliente/(4985:4985): Mensaje Creado
[INFO] 13:18:10:621 Cliente/(4985:4985): Mensaje Serializado
[INFO] 13:18:10:621 Cliente/(4985:4985): Mensaje Enviado
