[INFO] 11:32:22:937 Cliente/(6416:6416): Primer log ingresado
[INFO] 11:32:22:937 Cliente/(6416:6416): Conexion Creada. IP: 127.0.0.1 y PUERTO: 4444 
[INFO] 11:32:22:941 Cliente/(6416:6416): Mensaje Creado
[INFO] 11:32:22:941 Cliente/(6416:6416): Mensaje Serializado
[INFO] 11:32:22:941 Cliente/(6416:6416): Mensaje Enviado
[INFO] 11:34:01:315 Cliente/(6723:6723): Primer log ingresado
[INFO] 11:34:01:316 Cliente/(6723:6723): Conexion Creada. IP: 127.0.0.1 y PUERTO: 4444 
[INFO] 11:34:01:318 Cliente/(6723:6723): Mensaje Creado
[INFO] 11:34:01:320 Cliente/(6723:6723): Mensaje Serializado
[INFO] 11:34:01:320 Cliente/(6723:6723): Mensaje Enviado
[INFO] 11:45:54:335 Cliente/(4376:4376): Primer log ingresado
[INFO] 11:45:54:347 Cliente/(4376:4376): Conexion Creada. IP: 127.0.0.1 y PUERTO: 4444 
[INFO] 11:45:54:347 Cliente/(4376:4376): Mensaje Creado
[INFO] 11:45:54:348 Cliente/(4376:4376): Mensaje Serializado
[INFO] 11:45:54:348 Cliente/(4376:4376): Mensaje Enviado
[INFO] 11:46:04:503 Cliente/(4378:4378): Primer log ingresado
[INFO] 11:46:04:505 Cliente/(4378:4378): Conexion Creada. IP: 127.0.0.1 y PUERTO: 4444 
[INFO] 11:46:04:505 Cliente/(4378:4378): Mensaje Creado
[INFO] 11:46:04:506 Cliente/(4378:4378): Mensaje Serializado
[INFO] 11:46:04:507 Cliente/(4378:4378): Mensaje Enviado
[INFO] 11:46:05:640 Cliente/(4380:4380): Primer log ingresado
[INFO] 11:46:05:643 Cliente/(4380:4380): Conexion Creada. IP: 127.0.0.1 y PUERTO: 4444 
[INFO] 11:46:05:644 Cliente/(4380:4380): Mensaje Creado
[INFO] 11:46:05:644 Cliente/(4380:4380): Mensaje Serializado
[INFO] 11:46:05:644 Cliente/(4380:4380): Mensaje Enviado
[INFO] 11:46:06:438 Cliente/(4382:4382): Primer log ingresado
[INFO] 11:46:06:440 Cliente/(4382:4382): Conexion Creada. IP: 127.0.0.1 y PUERTO: 4444 
[INFO] 11:46:06:441 Cliente/(4382:4382): Mensaje Creado
[INFO] 11:46:06:442 Cliente/(4382:4382): Mensaje Serializado
[INFO] 11:46:06:443 Cliente/(4382:4382): Mensaje Enviado
[INFO] 11:46:07:248 Cliente/(4384:4384): Primer log ingresado
[INFO] 11:46:07:251 Cliente/(4384:4384): Conexion Creada. IP: 127.0.0.1 y PUERTO: 4444 
[INFO] 11:46:07:251 Cliente/(4384:4384): Mensaje Creado
[INFO] 11:46:07:252 Cliente/(4384:4384): Mensaje Serializado
[INFO] 11:46:07:253 Cliente/(4384:4384): Mensaje Enviado
[TRACE] 13:27:59:360 Cliente/(7584:7584): Primer log ingresado
[TRACE] 13:27:59:361 Cliente/(7584:7584): Conexion Creada. IP: 127.0.0.1 y PUERTO: 4444 
[TRACE] 13:27:59:361 Cliente/(7584:7584): Mensaje Creado
[TRACE] 13:27:59:361 Cliente/(7584:7584): Mensaje Serializado
[TRACE] 13:27:59:361 Cliente/(7584:7584): Mensaje Enviado
[TRACE] 13:32:26:137 Cliente/(8157:8157): Primer log ingresado
[TRACE] 13:32:26:138 Cliente/(8157:8157): Conexion Creada. IP: 127.0.0.1 y PUERTO: 4444 
[TRACE] 13:32:26:139 Cliente/(8157:8157): Mensaje Creado
[TRACE] 13:32:26:140 Cliente/(8157:8157): Mensaje Serializado
[TRACE] 13:32:26:140 Cliente/(8157:8157): Mensaje Enviado
[TRACE] 13:32:38:939 Cliente/(8166:8166): Primer log ingresado
[TRACE] 13:32:38:941 Cliente/(8166:8166): Conexion Creada. IP: 127.0.0.1 y PUERTO: 4444 
[TRACE] 13:32:38:942 Cliente/(8166:8166): Mensaje Creado
[TRACE] 13:32:38:942 Cliente/(8166:8166): Mensaje Serializado
[TRACE] 13:32:38:943 Cliente/(8166:8166): Mensaje Enviado
[TRACE] 13:32:49:693 Cliente/(8169:8169): Primer log ingresado
[TRACE] 13:32:49:695 Cliente/(8169:8169): Conexion Creada. IP: 127.0.0.1 y PUERTO: 4444 
[TRACE] 13:32:49:695 Cliente/(8169:8169): Mensaje Creado
[TRACE] 13:32:49:696 Cliente/(8169:8169): Mensaje Serializado
[TRACE] 13:32:49:696 Cliente/(8169:8169): Mensaje Enviado
[TRACE] 13:35:41:291 Cliente/(8312:8312): Primer log ingresado
[TRACE] 13:35:41:293 Cliente/(8312:8312): Conexion Creada. IP: 127.0.0.1 y PUERTO: 4444 
[TRACE] 13:35:41:294 Cliente/(8312:8312): Mensaje Creado
[TRACE] 13:35:41:294 Cliente/(8312:8312): Mensaje Serializado
[TRACE] 13:35:41:295 Cliente/(8312:8312): Mensaje Enviado
[TRACE] 13:35:43:732 Cliente/(8315:8315): Primer log ingresado
[TRACE] 13:35:43:734 Cliente/(8315:8315): Conexion Creada. IP: 127.0.0.1 y PUERTO: 4444 
[TRACE] 13:35:43:735 Cliente/(8315:8315): Mensaje Creado
[TRACE] 13:35:43:735 Cliente/(8315:8315): Mensaje Serializado
[TRACE] 13:35:43:736 Cliente/(8315:8315): Mensaje Enviado
[TRACE] 13:35:46:196 Cliente/(8318:8318): Primer log ingresado
[TRACE] 13:35:46:198 Cliente/(8318:8318): Conexion Creada. IP: 127.0.0.1 y PUERTO: 4444 
[TRACE] 13:35:46:199 Cliente/(8318:8318): Mensaje Creado
[TRACE] 13:35:46:200 Cliente/(8318:8318): Mensaje Serializado
[TRACE] 13:35:46:200 Cliente/(8318:8318): Mensaje Enviado
[TRACE] 13:37:02:775 Cliente/(8355:8355): Primer log ingresado
[TRACE] 13:37:02:776 Cliente/(8355:8355): Conexion Creada. IP: 127.0.0.1 y PUERTO: 4444 
[TRACE] 13:37:02:777 Cliente/(8355:8355): Mensaje Creado
[TRACE] 13:37:02:777 Cliente/(8355:8355): Mensaje Serializado
[TRACE] 13:37:02:777 Cliente/(8355:8355): Mensaje Enviado
[TRACE] 13:37:04:856 Cliente/(8358:8358): Primer log ingresado
[TRACE] 13:37:04:860 Cliente/(8358:8358): Conexion Creada. IP: 127.0.0.1 y PUERTO: 4444 
[TRACE] 13:37:04:861 Cliente/(8358:8358): Mensaje Creado
[TRACE] 13:37:04:861 Cliente/(8358:8358): Mensaje Serializado
[TRACE] 13:37:04:862 Cliente/(8358:8358): Mensaje Enviado
[TRACE] 13:37:07:849 Cliente/(8361:8361): Primer log ingresado
[TRACE] 13:37:07:851 Cliente/(8361:8361): Conexion Creada. IP: 127.0.0.1 y PUERTO: 4444 
[TRACE] 13:37:07:852 Cliente/(8361:8361): Mensaje Creado
[TRACE] 13:37:07:853 Cliente/(8361:8361): Mensaje Serializado
[TRACE] 13:37:07:853 Cliente/(8361:8361): Mensaje Enviado
[TRACE] 13:37:23:487 Cliente/(8407:8407): Primer log ingresado
[TRACE] 13:37:23:488 Cliente/(8407:8407): Conexion Creada. IP: 127.0.0.1 y PUERTO: 4444 
[TRACE] 13:37:23:489 Cliente/(8407:8407): Mensaje Creado
[TRACE] 13:37:23:490 Cliente/(8407:8407): Mensaje Serializado
[TRACE] 13:37:23:490 Cliente/(8407:8407): Mensaje Enviado
[TRACE] 13:37:23:491 Cliente/(8407:8407): Recibir mensaje del server...
[TRACE] 13:37:26:592 Cliente/(8409:8409): Primer log ingresado
[TRACE] 13:37:26:593 Cliente/(8409:8409): Conexion Creada. IP: 127.0.0.1 y PUERTO: 4444 
[TRACE] 13:37:26:594 Cliente/(8409:8409): Mensaje Creado
[TRACE] 13:37:26:595 Cliente/(8409:8409): Mensaje Serializado
[TRACE] 13:37:26:596 Cliente/(8409:8409): Mensaje Enviado
[TRACE] 13:37:26:596 Cliente/(8409:8409): Recibir mensaje del server...
[TRACE] 13:37:29:809 Cliente/(8411:8411): Primer log ingresado
[TRACE] 13:37:29:810 Cliente/(8409:8409): Cod_op recibido, recibir mensaje del server...
[TRACE] 13:37:29:810 Cliente/(8409:8409): Codigo de operacion: 8
[TRACE] 13:37:29:810 Cliente/(8409:8409): Mensaje de suscripcion recibido
[TRACE] 13:37:29:810 Cliente/(8409:8409): Cola de mensajes: 3, tiempo de suscripcion: 10 segundos
[TRACE] 13:37:29:812 Cliente/(8411:8411): Conexion Creada. IP: 127.0.0.1 y PUERTO: 4444 
[TRACE] 13:37:29:812 Cliente/(8411:8411): Mensaje Creado
[TRACE] 13:37:29:813 Cliente/(8411:8411): Mensaje Serializado
[TRACE] 13:37:29:814 Cliente/(8411:8411): Mensaje Enviado
[TRACE] 13:37:29:814 Cliente/(8411:8411): Recibir mensaje del server...
[TRACE] 13:37:29:815 Cliente/(8411:8411): Cod_op recibido, recibir mensaje del server...
[TRACE] 13:37:29:816 Cliente/(8411:8411): Codigo de operacion: -1
[TRACE] 13:37:29:817 Cliente/(8407:8407): Cod_op recibido, recibir mensaje del server...
[TRACE] 13:37:29:817 Cliente/(8407:8407): Codigo de operacion: -1075425752
[TRACE] 13:39:24:407 Cliente/(8842:8842): Primer log ingresado
[TRACE] 13:39:24:409 Cliente/(8842:8842): Conexion Creada. IP: 127.0.0.1 y PUERTO: 4444 
[TRACE] 13:39:24:410 Cliente/(8842:8842): Mensaje Creado
[TRACE] 13:39:24:410 Cliente/(8842:8842): Mensaje Serializado
[TRACE] 13:39:24:411 Cliente/(8842:8842): Mensaje Enviado
[TRACE] 13:39:24:411 Cliente/(8842:8842): Recibir mensaje del server...
[TRACE] 13:39:40:517 Cliente/(8845:8845): Primer log ingresado
[TRACE] 13:39:40:519 Cliente/(8845:8845): Conexion Creada. IP: 127.0.0.1 y PUERTO: 4444 
[TRACE] 13:39:40:520 Cliente/(8845:8845): Mensaje Creado
[TRACE] 13:39:40:521 Cliente/(8845:8845): Mensaje Serializado
[TRACE] 13:39:40:521 Cliente/(8845:8845): Mensaje Enviado
[TRACE] 13:39:40:522 Cliente/(8845:8845): Recibir mensaje del server...
[TRACE] 13:39:48:544 Cliente/(8847:8847): Primer log ingresado
[TRACE] 13:39:48:545 Cliente/(8845:8845): Cod_op recibido, recibir mensaje del server...
[TRACE] 13:39:48:545 Cliente/(8845:8845): Codigo de operacion: 8
[TRACE] 13:39:48:545 Cliente/(8845:8845): Mensaje de suscripcion recibido
[TRACE] 13:39:48:545 Cliente/(8845:8845): Cola de mensajes: 3, tiempo de suscripcion: 10 segundos
[TRACE] 13:39:48:547 Cliente/(8847:8847): Conexion Creada. IP: 127.0.0.1 y PUERTO: 4444 
[TRACE] 13:39:48:548 Cliente/(8847:8847): Mensaje Creado
[TRACE] 13:39:48:549 Cliente/(8847:8847): Mensaje Serializado
[TRACE] 13:39:48:550 Cliente/(8847:8847): Mensaje Enviado
[TRACE] 13:39:48:550 Cliente/(8847:8847): Recibir mensaje del server...
[TRACE] 13:39:48:551 Cliente/(8847:8847): Cod_op recibido, recibir mensaje del server...
[TRACE] 13:39:48:551 Cliente/(8847:8847): Codigo de operacion: -1
[TRACE] 13:39:48:552 Cliente/(8842:8842): Cod_op recibido, recibir mensaje del server...
[TRACE] 13:39:48:552 Cliente/(8842:8842): Codigo de operacion: -1079524792
[TRACE] 17:56:32:182 Cliente/(5133:5133): Primer log ingresado
[TRACE] 17:56:32:182 Cliente/(5133:5133): Conexion Creada. IP: 127.0.0.1 y PUERTO: 4444 
[TRACE] 17:56:32:182 Cliente/(5133:5133): Mensaje Creado
[TRACE] 17:56:32:183 Cliente/(5133:5133): Mensaje Serializado
[TRACE] 17:56:32:183 Cliente/(5133:5133): Mensaje Enviado
[TRACE] 17:56:32:183 Cliente/(5133:5133): Recibir mensaje del server...
[TRACE] 18:01:14:329 Cliente/(5133:5133): Cod_op recibido, recibir mensaje del server...
[TRACE] 18:01:14:329 Cliente/(5133:5133): Codigo de operacion: -1076812424
[TRACE] 15:37:40:159 Cliente/(5241:5241): Primer log ingresado
[TRACE] 15:37:40:176 Cliente/(5241:5241): Conexion Creada. IP: 127.0.0.1 y PUERTO: 4444 
[TRACE] 15:37:40:177 Cliente/(5241:5241): Mensaje Creado
[TRACE] 15:37:40:177 Cliente/(5241:5241): Mensaje Serializado
[TRACE] 15:37:40:177 Cliente/(5241:5241): Mensaje Enviado
[TRACE] 15:37:40:177 Cliente/(5241:5241): Recibir mensaje del server...
[TRACE] 15:37:57:962 Cliente/(5246:5246): Primer log ingresado
[TRACE] 15:37:57:962 Cliente/(5246:5246): Conexion Creada. IP: 127.0.0.1 y PUERTO: 4444 
[TRACE] 15:37:57:962 Cliente/(5246:5246): Mensaje Creado
[TRACE] 15:37:57:963 Cliente/(5246:5246): Mensaje Serializado
[TRACE] 15:37:57:963 Cliente/(5246:5246): Mensaje Enviado
[TRACE] 15:37:57:963 Cliente/(5246:5246): Recibir mensaje del server...
[TRACE] 15:38:00:592 Cliente/(5248:5248): Primer log ingresado
[TRACE] 15:38:00:593 Cliente/(5248:5248): Conexion Creada. IP: 127.0.0.1 y PUERTO: 4444 
[TRACE] 15:38:00:593 Cliente/(5248:5248): Mensaje Creado
[TRACE] 15:38:00:593 Cliente/(5248:5248): Mensaje Serializado
[TRACE] 15:38:00:593 Cliente/(5248:5248): Mensaje Enviado
[TRACE] 15:38:00:593 Cliente/(5248:5248): Recibir mensaje del server...
[TRACE] 15:38:00:594 Cliente/(5248:5248): Cod_op recibido, recibir mensaje del server...
[TRACE] 15:38:00:594 Cliente/(5248:5248): Codigo de operacion: -1
[TRACE] 15:38:03:102 Cliente/(5250:5250): Primer log ingresado
[TRACE] 15:38:03:103 Cliente/(5250:5250): Conexion Creada. IP: 127.0.0.1 y PUERTO: 4444 
[TRACE] 15:38:03:103 Cliente/(5250:5250): Mensaje Creado
[TRACE] 15:38:05:589 Cliente/(5252:5252): Primer log ingresado
[TRACE] 15:38:05:589 Cliente/(5252:5252): Conexion Creada. IP: 127.0.0.1 y PUERTO: 4444 
[TRACE] 15:38:05:589 Cliente/(5252:5252): Mensaje Creado
[TRACE] 16:33:06:772 Cliente/(6896:6896): Primer log ingresado
[TRACE] 16:33:06:772 Cliente/(6896:6896): Conexion Creada. IP: 127.0.0.1 y PUERTO: 4444 
[TRACE] 16:33:06:773 Cliente/(6896:6896): Mensaje Creado
[TRACE] 16:33:06:773 Cliente/(6896:6896): Mensaje Serializado
[TRACE] 16:33:06:773 Cliente/(6896:6896): Mensaje Enviado
[TRACE] 16:33:06:773 Cliente/(6896:6896): Recibir mensaje del server...
[TRACE] 16:34:30:874 Cliente/(6896:6896): Cod_op recibido, recibir mensaje del server...
[TRACE] 16:34:30:877 Cliente/(6896:6896): Codigo de operacion: -1074308760
[TRACE] 16:34:59:945 Cliente/(7057:7057): Primer log ingresado
[TRACE] 16:34:59:945 Cliente/(7057:7057): Conexion Creada. IP: 127.0.0.1 y PUERTO: 4444 
[TRACE] 16:34:59:946 Cliente/(7057:7057): Mensaje Creado
[TRACE] 16:35:09:148 Cliente/(7067:7067): Primer log ingresado
[TRACE] 16:35:09:149 Cliente/(7067:7067): Conexion Creada. IP: 127.0.0.1 y PUERTO: 4444 
[TRACE] 16:35:09:149 Cliente/(7067:7067): Mensaje Creado
[TRACE] 16:35:55:209 Cliente/(7187:7187): Primer log ingresado
[TRACE] 16:35:55:212 Cliente/(7187:7187): Conexion Creada. IP: 127.0.0.1 y PUERTO: 4444 
[TRACE] 16:35:55:212 Cliente/(7187:7187): Mensaje Creado
[TRACE] 16:35:55:213 Cliente/(7187:7187): Mensaje Serializado
[TRACE] 16:35:55:213 Cliente/(7187:7187): Mensaje Enviado
[TRACE] 16:35:55:218 Cliente/(7187:7187): Recibir mensaje del server...
[TRACE] 16:37:36:813 Cliente/(7375:7375): Primer log ingresado
[TRACE] 16:37:36:813 Cliente/(7375:7375): Conexion Creada. IP: 127.0.0.1 y PUERTO: 4444 
[TRACE] 16:37:36:814 Cliente/(7375:7375): Mensaje Creado
[TRACE] 16:37:36:814 Cliente/(7375:7375): Mensaje Serializado
[TRACE] 16:37:36:814 Cliente/(7375:7375): Mensaje Enviado
[TRACE] 16:37:36:814 Cliente/(7375:7375): Recibir mensaje del server...
[TRACE] 16:37:38:789 Cliente/(7375:7375): Cod_op recibido, recibir mensaje del server...
[TRACE] 16:37:38:789 Cliente/(7375:7375): Codigo de operacion: -1081190904
[TRACE] 16:39:16:827 Cliente/(7505:7505): Primer log ingresado
[TRACE] 16:39:16:827 Cliente/(7505:7505): Conexion Creada. IP: 127.0.0.1 y PUERTO: 4444 
[TRACE] 16:39:16:827 Cliente/(7505:7505): Mensaje Creado
[TRACE] 16:39:16:828 Cliente/(7505:7505): Mensaje Serializado
[TRACE] 16:39:16:828 Cliente/(7505:7505): Mensaje Enviado
[TRACE] 16:39:16:828 Cliente/(7505:7505): Recibir mensaje del server...
[TRACE] 16:39:17:303 Cliente/(7505:7505): Cod_op recibido, recibir mensaje del server...
[TRACE] 16:39:17:304 Cliente/(7505:7505): Codigo de operacion: -1078139096
[TRACE] 16:40:35:369 Cliente/(7636:7636): Primer log ingresado
[TRACE] 16:40:35:370 Cliente/(7636:7636): Conexion Creada. IP: 127.0.0.1 y PUERTO: 4444 
[TRACE] 16:40:35:370 Cliente/(7636:7636): Mensaje Creado
[TRACE] 16:40:35:370 Cliente/(7636:7636): Mensaje Serializado
[TRACE] 16:40:35:370 Cliente/(7636:7636): Mensaje Enviado
[TRACE] 16:40:35:371 Cliente/(7636:7636): Recibir mensaje del server...
[TRACE] 16:44:40:329 Cliente/(7956:7956): Primer log ingresado
[TRACE] 16:44:40:330 Cliente/(7956:7956): Conexion Creada. IP: 127.0.0.1 y PUERTO: 4444 
[TRACE] 16:44:40:330 Cliente/(7956:7956): Mensaje Creado
[TRACE] 16:44:40:331 Cliente/(7956:7956): Mensaje Serializado
[TRACE] 16:44:40:331 Cliente/(7956:7956): Mensaje Enviado
[TRACE] 16:44:40:331 Cliente/(7956:7956): Recibir mensaje del server...
[TRACE] 16:44:41:634 Cliente/(7956:7956): Cod_op recibido, recibir mensaje del server...
[TRACE] 16:44:41:634 Cliente/(7956:7956): Codigo de operacion: -1077728712
[TRACE] 16:46:45:436 Cliente/(8108:8108): Primer log ingresado
[TRACE] 16:46:45:437 Cliente/(8108:8108): Conexion Creada. IP: 127.0.0.1 y PUERTO: 4444 
[TRACE] 16:46:45:438 Cliente/(8108:8108): Mensaje Creado
[TRACE] 16:46:45:438 Cliente/(8108:8108): Mensaje Serializado
[TRACE] 16:46:45:438 Cliente/(8108:8108): Mensaje Enviado
[TRACE] 16:46:45:439 Cliente/(8108:8108): Recibir mensaje del server...
[TRACE] 16:46:58:926 Cliente/(8108:8108): Cod_op recibido, recibir mensaje del server...
[TRACE] 16:46:58:928 Cliente/(8108:8108): Codigo de operacion: -1076036184
[TRACE] 16:47:28:851 Cliente/(8245:8245): Primer log ingresado
[TRACE] 16:47:28:852 Cliente/(8245:8245): Conexion Creada. IP: 127.0.0.1 y PUERTO: 4444 
[TRACE] 16:47:28:852 Cliente/(8245:8245): Mensaje Creado
[TRACE] 16:48:58:455 Cliente/(8360:8360): Primer log ingresado
[TRACE] 16:48:58:456 Cliente/(8360:8360): Conexion Creada. IP: 127.0.0.1 y PUERTO: 4444 
[TRACE] 16:48:58:456 Cliente/(8360:8360): Mensaje Creado
[TRACE] 16:48:58:457 Cliente/(8360:8360): Mensaje Serializado
[TRACE] 16:48:58:457 Cliente/(8360:8360): Mensaje Enviado
[TRACE] 16:48:58:457 Cliente/(8360:8360): Recibir mensaje del server...
[TRACE] 16:52:05:461 Cliente/(8360:8360): Cod_op recibido, recibir mensaje del server...
[TRACE] 16:52:05:464 Cliente/(8360:8360): Codigo de operacion: -1081924088
[TRACE] 16:55:34:525 Cliente/(8573:8573): Primer log ingresado
[TRACE] 16:55:34:526 Cliente/(8573:8573): Conexion Creada. IP: 127.0.0.1 y PUERTO: 4444 
[TRACE] 16:55:34:526 Cliente/(8573:8573): Mensaje Creado
[TRACE] 16:55:34:527 Cliente/(8573:8573): Mensaje Serializado
[TRACE] 16:55:34:527 Cliente/(8573:8573): Mensaje Enviado
[TRACE] 16:55:34:527 Cliente/(8573:8573): Recibir mensaje del server...
[TRACE] 16:59:55:610 Cliente/(8573:8573): Cod_op recibido, recibir mensaje del server...
[TRACE] 16:59:55:611 Cliente/(8573:8573): Codigo de operacion: -1079512488
[TRACE] 17:00:15:597 Cliente/(8913:8913): Primer log ingresado
[TRACE] 17:00:15:597 Cliente/(8913:8913): Conexion Creada. IP: 127.0.0.1 y PUERTO: 4444 
[TRACE] 17:00:15:598 Cliente/(8913:8913): Mensaje Creado
[TRACE] 17:01:35:701 Cliente/(8922:8922): Primer log ingresado
[TRACE] 17:01:35:702 Cliente/(8922:8922): Conexion Creada. IP: 127.0.0.1 y PUERTO: 4444 
[TRACE] 17:01:35:702 Cliente/(8922:8922): Mensaje Creado
[TRACE] 17:01:35:703 Cliente/(8922:8922): Mensaje Serializado
[TRACE] 17:01:35:703 Cliente/(8922:8922): Mensaje Enviado
[TRACE] 17:01:35:703 Cliente/(8922:8922): Recibir mensaje del server...
[TRACE] 17:02:17:589 Cliente/(8922:8922): Cod_op recibido, recibir mensaje del server...
[TRACE] 17:02:17:591 Cliente/(8922:8922): Codigo de operacion: -1074107704
[TRACE] 17:04:36:694 Cliente/(9072:9072): Primer log ingresado
[TRACE] 17:04:36:695 Cliente/(9072:9072): Conexion Creada. IP: 127.0.0.1 y PUERTO: 4444 
[TRACE] 17:04:36:695 Cliente/(9072:9072): Mensaje Creado
[TRACE] 17:04:36:695 Cliente/(9072:9072): Mensaje Serializado
[TRACE] 17:04:36:695 Cliente/(9072:9072): Mensaje Enviado
[TRACE] 17:04:36:696 Cliente/(9072:9072): Recibir mensaje del server...
[TRACE] 17:05:11:409 Cliente/(9079:9079): Primer log ingresado
[TRACE] 17:05:11:414 Cliente/(9079:9079): Conexion Creada. IP: 127.0.0.1 y PUERTO: 4444 
[TRACE] 17:05:11:414 Cliente/(9079:9079): Mensaje Creado
[TRACE] 17:05:11:415 Cliente/(9079:9079): Mensaje Serializado
[TRACE] 17:05:11:415 Cliente/(9079:9079): Mensaje Enviado
[TRACE] 17:05:11:415 Cliente/(9079:9079): Recibir mensaje del server...
[TRACE] 17:05:20:37 Cliente/(9081:9081): Primer log ingresado
[TRACE] 17:05:20:38 Cliente/(9081:9081): Conexion Creada. IP: 127.0.0.1 y PUERTO: 4444 
[TRACE] 17:05:20:39 Cliente/(9081:9081): Mensaje Creado
[TRACE] 17:05:20:39 Cliente/(9081:9081): Mensaje Serializado
[TRACE] 17:05:20:39 Cliente/(9081:9081): Mensaje Enviado
[TRACE] 17:05:20:39 Cliente/(9081:9081): Recibir mensaje del server...
[TRACE] 17:05:20:40 Cliente/(9081:9081): Cod_op recibido, recibir mensaje del server...
[TRACE] 17:05:20:40 Cliente/(9081:9081): Codigo de operacion: -1
[TRACE] 17:05:34:83 Cliente/(9085:9085): Primer log ingresado
[TRACE] 17:05:34:84 Cliente/(9085:9085): Conexion Creada. IP: 127.0.0.1 y PUERTO: 4444 
[TRACE] 17:05:34:84 Cliente/(9085:9085): Mensaje Creado
[TRACE] 17:05:34:84 Cliente/(9085:9085): Mensaje Serializado
[TRACE] 17:05:34:84 Cliente/(9085:9085): Mensaje Enviado
[TRACE] 17:05:34:85 Cliente/(9085:9085): Recibir mensaje del server...
[TRACE] 17:05:40:208 Cliente/(9087:9087): Primer log ingresado
[TRACE] 17:05:40:208 Cliente/(9087:9087): Conexion Creada. IP: 127.0.0.1 y PUERTO: 4444 
[TRACE] 17:05:40:209 Cliente/(9087:9087): Mensaje Creado
[TRACE] 17:05:40:209 Cliente/(9087:9087): Mensaje Serializado
[TRACE] 17:05:40:209 Cliente/(9087:9087): Mensaje Enviado
[TRACE] 17:05:40:209 Cliente/(9087:9087): Recibir mensaje del server...
[TRACE] 17:09:24:462 Cliente/(9087:9087): Cod_op recibido, recibir mensaje del server...
[TRACE] 17:09:24:463 Cliente/(9087:9087): Codigo de operacion: -1078955400
[TRACE] 17:10:39:482 Cliente/(9276:9276): Primer log ingresado
[TRACE] 17:10:39:483 Cliente/(9276:9276): Conexion Creada. IP: 127.0.0.1 y PUERTO: 4444 
[TRACE] 17:10:39:483 Cliente/(9276:9276): Mensaje Creado
[TRACE] 17:10:39:483 Cliente/(9276:9276): Mensaje Serializado
[TRACE] 17:10:39:484 Cliente/(9276:9276): Mensaje Enviado
[TRACE] 17:10:39:484 Cliente/(9276:9276): Recibir mensaje del server...
[TRACE] 17:12:52:927 Cliente/(9276:9276): Cod_op recibido, recibir mensaje del server...
[TRACE] 17:12:52:928 Cliente/(9276:9276): Codigo de operacion: -1080612680
[TRACE] 17:14:21:726 Cliente/(9478:9478): Primer log ingresado
[TRACE] 17:14:21:727 Cliente/(9478:9478): Conexion Creada. IP: 127.0.0.1 y PUERTO: 4444 
[TRACE] 17:14:21:727 Cliente/(9478:9478): Mensaje Creado
[TRACE] 17:14:21:728 Cliente/(9478:9478): Mensaje Serializado
[TRACE] 17:14:21:728 Cliente/(9478:9478): Mensaje Enviado
[TRACE] 17:14:21:728 Cliente/(9478:9478): Recibir mensaje del server...
[TRACE] 17:14:25:166 Cliente/(9478:9478): Cod_op recibido, recibir mensaje del server...
[TRACE] 17:14:25:168 Cliente/(9478:9478): Codigo de operacion: -1077996472
[TRACE] 17:16:31:523 Cliente/(9701:9701): Primer log ingresado
[TRACE] 17:16:31:524 Cliente/(9701:9701): Conexion Creada. IP: 127.0.0.1 y PUERTO: 4444 
[TRACE] 17:16:31:524 Cliente/(9701:9701): Mensaje Creado
[TRACE] 17:16:31:525 Cliente/(9701:9701): Mensaje Serializado
[TRACE] 17:16:31:525 Cliente/(9701:9701): Mensaje Enviado
[TRACE] 17:16:31:525 Cliente/(9701:9701): Recibir mensaje del server...
[TRACE] 17:16:41:565 Cliente/(9701:9701): Cod_op recibido, recibir mensaje del server...
[TRACE] 17:16:41:567 Cliente/(9701:9701): Codigo de operacion: -1081005672
[TRACE] 17:18:24:892 Cliente/(9904:9904): Primer log ingresado
[TRACE] 17:18:24:893 Cliente/(9904:9904): Conexion Creada. IP: 127.0.0.1 y PUERTO: 4444 
[TRACE] 17:18:24:893 Cliente/(9904:9904): Mensaje Creado
[TRACE] 17:18:24:894 Cliente/(9904:9904): Mensaje Serializado
[TRACE] 17:18:24:903 Cliente/(9904:9904): Mensaje Enviado
[TRACE] 17:18:24:903 Cliente/(9904:9904): Recibir mensaje del server...
[TRACE] 17:19:47:680 Cliente/(10064:10064): Primer log ingresado
[TRACE] 17:19:47:680 Cliente/(10064:10064): Conexion Creada. IP: 127.0.0.1 y PUERTO: 4444 
[TRACE] 17:19:47:681 Cliente/(10064:10064): Mensaje Creado
[TRACE] 17:19:47:681 Cliente/(10064:10064): Mensaje Serializado
[TRACE] 17:19:47:681 Cliente/(10064:10064): Mensaje Enviado
[TRACE] 17:19:47:681 Cliente/(10064:10064): Recibir mensaje del server...
[TRACE] 17:23:02:588 Cliente/(10472:10472): Primer log ingresado
[TRACE] 17:23:02:589 Cliente/(10472:10472): Conexion Creada. IP: 127.0.0.1 y PUERTO: 4444 
[TRACE] 17:23:02:589 Cliente/(10472:10472): Mensaje Creado
[TRACE] 17:23:02:590 Cliente/(10472:10472): Mensaje Serializado
[TRACE] 17:23:02:590 Cliente/(10472:10472): Mensaje Enviado
[TRACE] 17:23:02:590 Cliente/(10472:10472): Recibir mensaje del server...
[TRACE] 17:23:05:988 Cliente/(10472:10472): Cod_op recibido, recibir mensaje del server...
[TRACE] 17:23:05:990 Cliente/(10472:10472): Codigo de operacion: -1078875944
[TRACE] 17:25:27:413 Cliente/(10677:10677): Primer log ingresado
[TRACE] 17:25:27:414 Cliente/(10677:10677): Conexion Creada. IP: 127.0.0.1 y PUERTO: 4444 
[TRACE] 17:25:27:414 Cliente/(10677:10677): Mensaje Creado
[TRACE] 17:25:27:414 Cliente/(10677:10677): Mensaje Serializado
[TRACE] 17:25:27:414 Cliente/(10677:10677): Mensaje Enviado
[TRACE] 17:25:27:415 Cliente/(10677:10677): Recibir mensaje del server...
[TRACE] 17:25:38:143 Cliente/(10677:10677): Cod_op recibido, recibir mensaje del server...
[TRACE] 17:25:38:144 Cliente/(10677:10677): Codigo de operacion: -1077376792
[TRACE] 11:56:14:601 Cliente/(6204:6204): Primer log ingresado
[TRACE] 11:56:14:629 Cliente/(6204:6204): Conexion Creada. IP: 127.0.0.1 y PUERTO: 4444 
[TRACE] 11:56:14:629 Cliente/(6204:6204): Mensaje Creado
[TRACE] 11:56:14:629 Cliente/(6204:6204): Mensaje Serializado
[TRACE] 11:56:14:629 Cliente/(6204:6204): Mensaje Enviado
[TRACE] 11:56:14:630 Cliente/(6204:6204): Recibir mensaje del server...
[TRACE] 13:32:48:243 Cliente/(9367:9367): Primer log ingresado
[TRACE] 13:32:48:272 Cliente/(9367:9367): Conexion Creada. IP: 127.0.0.1 y PUERTO: 4444 
[TRACE] 13:32:48:272 Cliente/(9367:9367): Mensaje Creado
[TRACE] 13:32:48:272 Cliente/(9367:9367): Mensaje Serializado
[TRACE] 13:32:48:273 Cliente/(9367:9367): Mensaje Enviado
[TRACE] 13:32:48:273 Cliente/(9367:9367): Recibir mensaje del server...
[TRACE] 13:32:50:256 Cliente/(9367:9367): Cod_op recibido, recibir mensaje del server...
[TRACE] 13:32:50:256 Cliente/(9367:9367): Codigo de operacion: -1079020328
[TRACE] 14:23:40:715 Cliente/(9720:9720): Primer log ingresado
[TRACE] 14:23:40:716 Cliente/(9720:9720): Conexion Creada. IP: 127.0.0.1 y PUERTO: 4444 
[TRACE] 14:23:40:716 Cliente/(9720:9720): Mensaje Creado
[TRACE] 14:23:40:716 Cliente/(9720:9720): Mensaje Serializado
[TRACE] 14:23:40:717 Cliente/(9720:9720): Mensaje Enviado
[TRACE] 14:23:40:717 Cliente/(9720:9720): Recibir mensaje del server...
[TRACE] 14:23:41:192 Cliente/(9720:9720): Cod_op recibido, recibir mensaje del server...
[TRACE] 14:23:41:193 Cliente/(9720:9720): Codigo de operacion: -1077900808
[TRACE] 14:25:01:36 Cliente/(9857:9857): Primer log ingresado
[TRACE] 14:25:01:37 Cliente/(9857:9857): Conexion Creada. IP: 127.0.0.1 y PUERTO: 4444 
[TRACE] 14:25:01:37 Cliente/(9857:9857): Mensaje Creado
[TRACE] 14:25:01:37 Cliente/(9857:9857): Mensaje Serializado
[TRACE] 14:25:01:38 Cliente/(9857:9857): Mensaje Enviado
[TRACE] 14:25:01:38 Cliente/(9857:9857): Recibir mensaje del server...
[TRACE] 14:25:01:992 Cliente/(9857:9857): Cod_op recibido, recibir mensaje del server...
[TRACE] 14:25:01:994 Cliente/(9857:9857): Codigo de operacion: -1077617544
[TRACE] 14:31:32:915 Cliente/(10033:10033): Primer log ingresado
[TRACE] 14:31:32:916 Cliente/(10033:10033): Conexion Creada. IP: 127.0.0.1 y PUERTO: 4444 
[TRACE] 14:31:32:916 Cliente/(10033:10033): Mensaje Creado
[TRACE] 14:31:32:916 Cliente/(10033:10033): Mensaje Serializado
[TRACE] 14:31:32:917 Cliente/(10033:10033): Mensaje Enviado
[TRACE] 14:31:32:917 Cliente/(10033:10033): Recibir mensaje del server...
[TRACE] 14:31:33:384 Cliente/(10033:10033): Cod_op recibido, recibir mensaje del server...
[TRACE] 14:31:33:385 Cliente/(10033:10033): Codigo de operacion: -1082085864
[TRACE] 14:41:59:827 Cliente/(10301:10301): Primer log ingresado
[TRACE] 14:41:59:828 Cliente/(10301:10301): Conexion Creada. IP: 127.0.0.1 y PUERTO: 4444 
[TRACE] 14:41:59:828 Cliente/(10301:10301): Mensaje Creado
[TRACE] 14:41:59:828 Cliente/(10301:10301): Mensaje Serializado
[TRACE] 14:41:59:829 Cliente/(10301:10301): Mensaje Enviado
[TRACE] 14:41:59:829 Cliente/(10301:10301): Recibir mensaje del server...
[TRACE] 14:44:49:921 Cliente/(10301:10301): Cod_op recibido, recibir mensaje del server...
[TRACE] 14:44:49:922 Cliente/(10301:10301): Codigo de operacion: -1081983592
[TRACE] 14:47:21:147 Cliente/(10643:10643): Primer log ingresado
[TRACE] 14:47:21:148 Cliente/(10643:10643): Conexion Creada. IP: 127.0.0.1 y PUERTO: 4444 
[TRACE] 14:47:21:148 Cliente/(10643:10643): Mensaje Creado
[TRACE] 14:47:21:148 Cliente/(10643:10643): Mensaje Serializado
[TRACE] 14:47:21:148 Cliente/(10643:10643): Mensaje Enviado
[TRACE] 14:47:21:149 Cliente/(10643:10643): Recibir mensaje del server...
[TRACE] 14:48:35:742 Cliente/(10643:10643): Cod_op recibido, recibir mensaje del server...
[TRACE] 14:48:35:742 Cliente/(10643:10643): Codigo de operacion: -1076895816
[TRACE] 20:27:06:465 Cliente/(5315:5315): Primer log ingresado
[TRACE] 20:27:06:542 Cliente/(5315:5315): Conexion Creada. IP: 127.0.0.1 y PUERTO: 4444 
[TRACE] 20:27:06:542 Cliente/(5315:5315): Mensaje Creado
[TRACE] 20:27:06:542 Cliente/(5315:5315): Mensaje Serializado
[TRACE] 20:27:06:543 Cliente/(5315:5315): Mensaje Enviado
[TRACE] 20:27:06:544 Cliente/(5315:5315): Recibir mensaje del server...
[TRACE] 20:27:08:454 Cliente/(5315:5315): Cod_op recibido, recibir mensaje del server...
[TRACE] 20:27:08:454 Cliente/(5315:5315): Codigo de operacion: -1079249624
[TRACE] 20:29:55:853 Cliente/(5515:5515): Primer log ingresado
[TRACE] 20:29:55:853 Cliente/(5515:5515): Conexion Creada. IP: 127.0.0.1 y PUERTO: 4444 
[TRACE] 20:29:55:854 Cliente/(5515:5515): Mensaje Creado
[TRACE] 20:29:55:854 Cliente/(5515:5515): Mensaje Serializado
[TRACE] 20:29:55:854 Cliente/(5515:5515): Mensaje Enviado
[TRACE] 20:29:55:854 Cliente/(5515:5515): Recibir mensaje del server...
[TRACE] 20:29:56:399 Cliente/(5515:5515): Cod_op recibido, recibir mensaje del server...
[TRACE] 20:29:56:399 Cliente/(5515:5515): Codigo de operacion: -1081690376
[TRACE] 20:32:11:524 Cliente/(5675:5675): Primer log ingresado
[TRACE] 20:32:11:525 Cliente/(5675:5675): Conexion Creada. IP: 127.0.0.1 y PUERTO: 4444 
[TRACE] 20:32:11:525 Cliente/(5675:5675): Mensaje Creado
[TRACE] 20:32:11:525 Cliente/(5675:5675): Mensaje Serializado
[TRACE] 20:32:11:526 Cliente/(5675:5675): Mensaje Enviado
[TRACE] 20:32:11:526 Cliente/(5675:5675): Recibir mensaje del server...
[TRACE] 20:32:12:451 Cliente/(5675:5675): Cod_op recibido, recibir mensaje del server...
[TRACE] 20:32:12:454 Cliente/(5675:5675): Codigo de operacion: -1080063480
[TRACE] 20:33:51:474 Cliente/(5841:5841): Primer log ingresado
[TRACE] 20:33:51:475 Cliente/(5841:5841): Conexion Creada. IP: 127.0.0.1 y PUERTO: 4444 
[TRACE] 20:33:51:475 Cliente/(5841:5841): Mensaje Creado
[TRACE] 20:33:51:475 Cliente/(5841:5841): Mensaje Serializado
[TRACE] 20:33:51:475 Cliente/(5841:5841): Mensaje Enviado
[TRACE] 20:33:51:476 Cliente/(5841:5841): Recibir mensaje del server...
[TRACE] 20:33:52:297 Cliente/(5841:5841): Cod_op recibido, recibir mensaje del server...
[TRACE] 20:33:52:297 Cliente/(5841:5841): Codigo de operacion: -1077194760
[TRACE] 20:35:03:838 Cliente/(5981:5981): Primer log ingresado
[TRACE] 20:35:03:839 Cliente/(5981:5981): Conexion Creada. IP: 127.0.0.1 y PUERTO: 4444 
[TRACE] 20:35:03:839 Cliente/(5981:5981): Mensaje Creado
[TRACE] 20:35:03:839 Cliente/(5981:5981): Mensaje Serializado
[TRACE] 20:35:03:839 Cliente/(5981:5981): Mensaje Enviado
[TRACE] 20:35:03:839 Cliente/(5981:5981): Recibir mensaje del server...
[TRACE] 20:35:04:370 Cliente/(5981:5981): Cod_op recibido, recibir mensaje del server...
[TRACE] 20:35:04:370 Cliente/(5981:5981): Codigo de operacion: -1080320552
[TRACE] 20:36:29:808 Cliente/(6150:6150): Primer log ingresado
[TRACE] 20:36:29:808 Cliente/(6150:6150): Conexion Creada. IP: 127.0.0.1 y PUERTO: 4444 
[TRACE] 20:36:29:809 Cliente/(6150:6150): Mensaje Creado
[TRACE] 20:36:29:809 Cliente/(6150:6150): Mensaje Serializado
[TRACE] 20:36:29:809 Cliente/(6150:6150): Mensaje Enviado
[TRACE] 20:36:29:809 Cliente/(6150:6150): Recibir mensaje del server...
[TRACE] 20:36:30:374 Cliente/(6150:6150): Cod_op recibido, recibir mensaje del server...
[TRACE] 20:36:30:374 Cliente/(6150:6150): Codigo de operacion: -1079569832
[TRACE] 20:39:31:273 Cliente/(6354:6354): Primer log ingresado
[TRACE] 20:39:31:273 Cliente/(6354:6354): Conexion Creada. IP: 127.0.0.1 y PUERTO: 4444 
[TRACE] 20:39:31:274 Cliente/(6354:6354): Mensaje Creado
[TRACE] 20:39:31:274 Cliente/(6354:6354): Mensaje Serializado
[TRACE] 20:39:31:274 Cliente/(6354:6354): Mensaje Enviado
[TRACE] 20:39:31:274 Cliente/(6354:6354): Recibir mensaje del server...
[TRACE] 20:39:31:721 Cliente/(6354:6354): Cod_op recibido, recibir mensaje del server...
[TRACE] 20:39:31:721 Cliente/(6354:6354): Codigo de operacion: -1076425688
[TRACE] 20:42:41:842 Cliente/(6653:6653): Primer log ingresado
[TRACE] 20:42:41:843 Cliente/(6653:6653): Conexion Creada. IP: 127.0.0.1 y PUERTO: 4444 
[TRACE] 20:42:41:843 Cliente/(6653:6653): Mensaje Creado
[TRACE] 20:42:41:843 Cliente/(6653:6653): Mensaje Serializado
[TRACE] 20:42:41:844 Cliente/(6653:6653): Mensaje Enviado
[TRACE] 20:42:41:844 Cliente/(6653:6653): Recibir mensaje del server...
[TRACE] 20:42:42:313 Cliente/(6653:6653): Cod_op recibido, recibir mensaje del server...
[TRACE] 20:42:42:313 Cliente/(6653:6653): Codigo de operacion: -1076374888
[TRACE] 20:44:19:424 Cliente/(6748:6748): Primer log ingresado
[TRACE] 20:44:19:425 Cliente/(6748:6748): Conexion Creada. IP: 127.0.0.1 y PUERTO: 4444 
[TRACE] 20:44:19:425 Cliente/(6748:6748): Mensaje Creado
[TRACE] 20:44:19:425 Cliente/(6748:6748): Mensaje Serializado
[TRACE] 20:44:19:425 Cliente/(6748:6748): Mensaje Enviado
[TRACE] 20:44:19:425 Cliente/(6748:6748): Recibir mensaje del server...
[TRACE] 20:44:19:893 Cliente/(6748:6748): Cod_op recibido, recibir mensaje del server...
[TRACE] 20:44:19:894 Cliente/(6748:6748): Codigo de operacion: -1081927896
[TRACE] 20:46:18:978 Cliente/(6832:6832): Primer log ingresado
[TRACE] 20:46:18:979 Cliente/(6832:6832): Conexion Creada. IP: 127.0.0.1 y PUERTO: 4444 
[TRACE] 20:46:18:979 Cliente/(6832:6832): Mensaje Creado
[TRACE] 20:46:18:980 Cliente/(6832:6832): Mensaje Serializado
[TRACE] 20:46:18:980 Cliente/(6832:6832): Mensaje Enviado
[TRACE] 20:46:18:980 Cliente/(6832:6832): Recibir mensaje del server...
[TRACE] 20:46:19:433 Cliente/(6832:6832): Cod_op recibido, recibir mensaje del server...
[TRACE] 20:46:19:433 Cliente/(6832:6832): Codigo de operacion: -1078161480
[TRACE] 20:48:33:242 Cliente/(7009:7009): Primer log ingresado
[TRACE] 20:48:33:243 Cliente/(7009:7009): Conexion Creada. IP: 127.0.0.1 y PUERTO: 4444 
[TRACE] 20:48:33:243 Cliente/(7009:7009): Mensaje Creado
[TRACE] 20:48:33:243 Cliente/(7009:7009): Mensaje Serializado
[TRACE] 20:48:33:244 Cliente/(7009:7009): Mensaje Enviado
[TRACE] 20:48:33:244 Cliente/(7009:7009): Recibir mensaje del server...
[TRACE] 20:48:33:730 Cliente/(7009:7009): Cod_op recibido, recibir mensaje del server...
[TRACE] 20:48:33:730 Cliente/(7009:7009): Codigo de operacion: -1080563400
[TRACE] 20:53:55:762 Cliente/(7260:7260): Primer log ingresado
[TRACE] 20:53:55:763 Cliente/(7260:7260): Conexion Creada. IP: 127.0.0.1 y PUERTO: 4444 
[TRACE] 20:53:55:763 Cliente/(7260:7260): Mensaje Creado
[TRACE] 20:53:55:764 Cliente/(7260:7260): Mensaje Serializado
[TRACE] 20:53:55:764 Cliente/(7260:7260): Mensaje Enviado
[TRACE] 20:53:55:764 Cliente/(7260:7260): Recibir mensaje del server...
[TRACE] 20:53:56:228 Cliente/(7260:7260): Cod_op recibido, recibir mensaje del server...
[TRACE] 20:53:56:228 Cliente/(7260:7260): Codigo de operacion: -1077359768
[TRACE] 21:11:50:450 Cliente/(8081:8081): Primer log ingresado
[TRACE] 21:11:50:451 Cliente/(8081:8081): Conexion Creada. IP: 127.0.0.1 y PUERTO: 4444 
[TRACE] 21:11:50:452 Cliente/(8081:8081): Mensaje Creado
[TRACE] 21:11:50:452 Cliente/(8081:8081): Mensaje Serializado
[TRACE] 21:11:50:452 Cliente/(8081:8081): Mensaje Enviado
[TRACE] 21:11:50:453 Cliente/(8081:8081): Recibir mensaje del server...
[TRACE] 21:12:42:114 Cliente/(8081:8081): Cod_op recibido, recibir mensaje del server...
[TRACE] 21:12:42:116 Cliente/(8081:8081): Codigo de operacion: -1080235736
[TRACE] 21:14:15:59 Cliente/(8181:8181): Primer log ingresado
[TRACE] 21:14:15:66 Cliente/(8181:8181): Conexion Creada. IP: 127.0.0.1 y PUERTO: 4444 
[TRACE] 21:14:15:66 Cliente/(8181:8181): Mensaje Creado
[TRACE] 21:14:15:66 Cliente/(8181:8181): Mensaje Serializado
[TRACE] 21:14:15:67 Cliente/(8181:8181): Mensaje Enviado
[TRACE] 21:14:15:67 Cliente/(8181:8181): Recibir mensaje del server...
[TRACE] 21:14:17:286 Cliente/(8181:8181): Cod_op recibido, recibir mensaje del server...
[TRACE] 21:14:17:286 Cliente/(8181:8181): Codigo de operacion: -1076512808
[TRACE] 21:16:13:624 Cliente/(8248:8248): Primer log ingresado
[TRACE] 21:16:13:625 Cliente/(8248:8248): Conexion Creada. IP: 127.0.0.1 y PUERTO: 4444 
[TRACE] 21:16:13:625 Cliente/(8248:8248): Mensaje Creado
[TRACE] 21:16:13:625 Cliente/(8248:8248): Mensaje Serializado
[TRACE] 21:16:13:626 Cliente/(8248:8248): Mensaje Enviado
[TRACE] 21:16:13:626 Cliente/(8248:8248): Recibir mensaje del server...
[TRACE] 21:16:14:94 Cliente/(8248:8248): Cod_op recibido, recibir mensaje del server...
[TRACE] 21:16:14:94 Cliente/(8248:8248): Codigo de operacion: -1079536120
[TRACE] 21:18:07:587 Cliente/(8356:8356): Primer log ingresado
[TRACE] 21:18:07:588 Cliente/(8356:8356): Conexion Creada. IP: 127.0.0.1 y PUERTO: 4444 
[TRACE] 21:18:07:588 Cliente/(8356:8356): Mensaje Creado
[TRACE] 21:18:07:588 Cliente/(8356:8356): Mensaje Serializado
[TRACE] 21:18:07:589 Cliente/(8356:8356): Mensaje Enviado
[TRACE] 21:18:07:589 Cliente/(8356:8356): Recibir mensaje del server...
[TRACE] 21:26:57:883 Cliente/(8554:8554): Primer log ingresado
[TRACE] 21:26:57:885 Cliente/(8554:8554): Conexion Creada. IP: 127.0.0.1 y PUERTO: 4444 
[TRACE] 21:26:57:885 Cliente/(8554:8554): Mensaje Creado
[TRACE] 21:26:57:885 Cliente/(8554:8554): Mensaje Serializado
[TRACE] 21:26:57:886 Cliente/(8554:8554): Mensaje Enviado
[TRACE] 21:26:57:886 Cliente/(8554:8554): Recibir mensaje del server...
[TRACE] 21:26:58:512 Cliente/(8554:8554): Cod_op recibido, recibir mensaje del server...
[TRACE] 21:26:58:530 Cliente/(8554:8554): Codigo de operacion: -1075457208
[TRACE] 22:09:55:667 Cliente/(8822:8822): Primer log ingresado
[TRACE] 22:09:55:667 Cliente/(8822:8822): Conexion Creada. IP: 127.0.0.1 y PUERTO: 4444 
[TRACE] 22:09:55:668 Cliente/(8822:8822): Mensaje Creado
[TRACE] 22:09:55:668 Cliente/(8822:8822): Mensaje Serializado
[TRACE] 22:09:55:668 Cliente/(8822:8822): Mensaje Enviado
[TRACE] 22:09:55:668 Cliente/(8822:8822): Recibir mensaje del server...
[TRACE] 22:09:56:632 Cliente/(8822:8822): Cod_op recibido, recibir mensaje del server...
[TRACE] 22:09:56:632 Cliente/(8822:8822): Codigo de operacion: -1073856728
[TRACE] 22:11:09:71 Cliente/(8870:8870): Primer log ingresado
[TRACE] 22:11:09:72 Cliente/(8870:8870): Conexion Creada. IP: 127.0.0.1 y PUERTO: 4444 
[TRACE] 22:11:09:72 Cliente/(8870:8870): Mensaje Creado
[TRACE] 22:11:09:72 Cliente/(8870:8870): Mensaje Serializado
[TRACE] 22:11:09:73 Cliente/(8870:8870): Mensaje Enviado
[TRACE] 22:11:09:73 Cliente/(8870:8870): Recibir mensaje del server...
[TRACE] 22:55:06:990 Cliente/(8870:8870): Cod_op recibido, recibir mensaje del server...
[TRACE] 22:55:06:995 Cliente/(8870:8870): Codigo de operacion: -1079949064
[TRACE] 22:56:19:105 Cliente/(9662:9662): Primer log ingresado
[TRACE] 22:56:19:106 Cliente/(9662:9662): Conexion Creada. IP: 127.0.0.1 y PUERTO: 4444 
[TRACE] 22:56:19:106 Cliente/(9662:9662): Mensaje Creado
[TRACE] 22:56:19:107 Cliente/(9662:9662): Mensaje Serializado
[TRACE] 22:56:19:107 Cliente/(9662:9662): Mensaje Enviado
[TRACE] 22:56:19:107 Cliente/(9662:9662): Recibir mensaje del server...
[TRACE] 22:56:36:384 Cliente/(9662:9662): Cod_op recibido, recibir mensaje del server...
[TRACE] 22:56:36:385 Cliente/(9662:9662): Codigo de operacion: -1077779608
[TRACE] 22:58:13:874 Cliente/(9752:9752): Primer log ingresado
[TRACE] 22:58:13:874 Cliente/(9752:9752): Conexion Creada. IP: 127.0.0.1 y PUERTO: 4444 
[TRACE] 22:58:13:875 Cliente/(9752:9752): Mensaje Creado
[TRACE] 22:58:13:875 Cliente/(9752:9752): Mensaje Serializado
[TRACE] 22:58:13:875 Cliente/(9752:9752): Mensaje Enviado
[TRACE] 22:58:13:875 Cliente/(9752:9752): Recibir mensaje del server...
[TRACE] 22:58:46:207 Cliente/(9752:9752): Cod_op recibido, recibir mensaje del server...
[TRACE] 22:58:46:210 Cliente/(9752:9752): Codigo de operacion: -1081986024
[TRACE] 22:59:50:105 Cliente/(9907:9907): Primer log ingresado
[TRACE] 22:59:50:106 Cliente/(9907:9907): Conexion Creada. IP: 127.0.0.1 y PUERTO: 4444 
[TRACE] 22:59:50:106 Cliente/(9907:9907): Mensaje Creado
[TRACE] 22:59:50:106 Cliente/(9907:9907): Mensaje Serializado
[TRACE] 22:59:50:106 Cliente/(9907:9907): Mensaje Enviado
[TRACE] 22:59:50:107 Cliente/(9907:9907): Recibir mensaje del server...
[TRACE] 23:33:04:765 Cliente/(10407:10407): Primer log ingresado
[TRACE] 23:33:04:766 Cliente/(10407:10407): Conexion Creada. IP: 127.0.0.1 y PUERTO: 4444 
[TRACE] 23:33:04:766 Cliente/(10407:10407): Mensaje Creado
[TRACE] 23:33:04:767 Cliente/(10407:10407): Mensaje Serializado
[TRACE] 23:33:04:767 Cliente/(10407:10407): Mensaje Enviado
[TRACE] 23:33:04:767 Cliente/(10407:10407): Recibir mensaje del server...
[TRACE] 23:35:18:509 Cliente/(10407:10407): Cod_op recibido, recibir mensaje del server...
[TRACE] 23:35:18:511 Cliente/(10407:10407): Codigo de operacion: -1080795176
[TRACE] 23:36:59:75 Cliente/(10572:10572): Primer log ingresado
[TRACE] 23:36:59:75 Cliente/(10572:10572): Conexion Creada. IP: 127.0.0.1 y PUERTO: 4444 
[TRACE] 23:36:59:76 Cliente/(10572:10572): Mensaje Creado
[TRACE] 23:36:59:76 Cliente/(10572:10572): Mensaje Serializado
[TRACE] 23:36:59:76 Cliente/(10572:10572): Mensaje Enviado
[TRACE] 23:36:59:76 Cliente/(10572:10572): Recibir mensaje del server...
[TRACE] 11:47:01:855 Cliente/(15351:15351): Primer log ingresado
[TRACE] 11:47:01:855 Cliente/(15351:15351): Conexion Creada. IP: 127.0.0.1 y PUERTO: 4444 
[TRACE] 11:47:01:855 Cliente/(15351:15351): Mensaje Creado
