[TRACE] 10:00:35:51 GameBoy/(6187:6187): Caracteristicas de mensaje obtenidas
[TRACE] 10:00:35:51 GameBoy/(6187:6187): Se quiere enviar un mensaje del tipo -8- al modulo -3-
[TRACE] 10:00:35:51 GameBoy/(6187:6187): Leido de config por parametro SUSCRIPTOR. Ip: 127.0.0.1 y Puerto: 4444
[TRACE] 10:00:35:51 GameBoy/(6187:6187): Conexion Creada. Ip: 127.0.0.1 y Puerto: 4444 
[TRACE] 10:00:35:51 GameBoy/(6187:6187): Mensaje: SUSCRIPTOR Cola:APPEARED_POKEMON, Tiempo:10.
[TRACE] 10:00:35:52 GameBoy/(6187:6187): El mensaje fue serializado. 
[TRACE] 10:00:35:52 GameBoy/(6187:6187): OPERATION CODE: 8
[TRACE] 10:00:35:52 GameBoy/(6187:6187): El mensaje fue enviado.
[TRACE] 10:00:42:153 GameBoy/(6188:6188): Caracteristicas de mensaje obtenidas
[TRACE] 10:00:42:154 GameBoy/(6188:6188): Se quiere enviar un mensaje del tipo -2- al modulo -3-
[TRACE] 10:00:42:154 GameBoy/(6188:6188): Leido de config por parametro BROKER. Ip: 127.0.0.1 y Puerto: 4444
[TRACE] 10:00:42:154 GameBoy/(6188:6188): Conexion Creada. Ip: 127.0.0.1 y Puerto: 4444 
[TRACE] 10:00:42:154 GameBoy/(6188:6188): El mensaje fue serializado. 
[TRACE] 10:00:42:154 GameBoy/(6188:6188): OPERATION CODE: 2
[TRACE] 10:00:42:155 GameBoy/(6187:6187): Mensaje recibido, cod_op: 2.
[TRACE] 10:00:42:155 GameBoy/(6187:6187): Se recibio un mensaje APPEARED_POKEMON
[TRACE] 10:00:42:155 GameBoy/(6187:6187): ID asignado a APPEARED_POKEMON: 0.
[TRACE] 10:00:42:155 GameBoy/(6188:6188): El mensaje fue enviado.
[TRACE] 10:00:42:155 GameBoy/(6188:6188): Mensaje recibido, cod_op: 2.
[TRACE] 10:00:42:155 GameBoy/(6188:6188): Se recibio un mensaje APPEARED_POKEMON
[TRACE] 10:00:42:155 GameBoy/(6188:6188): ID asignado a APPEARED_POKEMON: 0.
[TRACE] 10:00:49:716 GameBoy/(6189:6189): Caracteristicas de mensaje obtenidas
[TRACE] 10:00:49:716 GameBoy/(6189:6189): Se quiere enviar un mensaje del tipo -2- al modulo -3-
[TRACE] 10:00:49:716 GameBoy/(6189:6189): Leido de config por parametro BROKER. Ip: 127.0.0.1 y Puerto: 4444
[TRACE] 10:00:49:717 GameBoy/(6189:6189): Conexion Creada. Ip: 127.0.0.1 y Puerto: 4444 
[TRACE] 10:00:49:717 GameBoy/(6189:6189): El mensaje fue serializado. 
[TRACE] 10:00:49:717 GameBoy/(6189:6189): OPERATION CODE: 2
[TRACE] 10:00:49:717 GameBoy/(6187:6187): Mensaje recibido, cod_op: 2.
[TRACE] 10:00:49:717 GameBoy/(6187:6187): Se recibio un mensaje APPEARED_POKEMON
[TRACE] 10:00:49:717 GameBoy/(6187:6187): ID asignado a APPEARED_POKEMON: 1.
[TRACE] 10:00:49:717 GameBoy/(6189:6189): El mensaje fue enviado.
[TRACE] 10:00:49:717 GameBoy/(6189:6189): Mensaje recibido, cod_op: 2.
[TRACE] 10:00:49:717 GameBoy/(6189:6189): Se recibio un mensaje APPEARED_POKEMON
[TRACE] 10:00:49:717 GameBoy/(6189:6189): ID asignado a APPEARED_POKEMON: 1.
[TRACE] 10:01:02:477 GameBoy/(6272:6272): Caracteristicas de mensaje obtenidas
[TRACE] 10:01:02:477 GameBoy/(6272:6272): Se quiere enviar un mensaje del tipo -8- al modulo -3-
[TRACE] 10:01:02:477 GameBoy/(6272:6272): Leido de config por parametro SUSCRIPTOR. Ip: 127.0.0.1 y Puerto: 4444
[TRACE] 10:01:02:478 GameBoy/(6272:6272): Conexion Creada. Ip: 127.0.0.1 y Puerto: 4444 
[TRACE] 10:01:02:478 GameBoy/(6272:6272): Mensaje: SUSCRIPTOR Cola:APPEARED_POKEMON, Tiempo:10.
[TRACE] 10:01:02:478 GameBoy/(6272:6272): El mensaje fue serializado. 
[TRACE] 10:01:02:478 GameBoy/(6272:6272): OPERATION CODE: 8
[TRACE] 10:01:02:478 GameBoy/(6272:6272): El mensaje fue enviado.
[TRACE] 10:01:04:864 GameBoy/(6273:6273): Caracteristicas de mensaje obtenidas
[TRACE] 10:01:04:864 GameBoy/(6273:6273): Se quiere enviar un mensaje del tipo -2- al modulo -3-
[TRACE] 10:01:04:864 GameBoy/(6273:6273): Leido de config por parametro BROKER. Ip: 127.0.0.1 y Puerto: 4444
[TRACE] 10:01:04:865 GameBoy/(6273:6273): Conexion Creada. Ip: 127.0.0.1 y Puerto: 4444 
[TRACE] 10:01:04:865 GameBoy/(6273:6273): El mensaje fue serializado. 
[TRACE] 10:01:04:865 GameBoy/(6273:6273): OPERATION CODE: 2
[TRACE] 10:01:04:866 GameBoy/(6187:6187): Mensaje recibido, cod_op: 2.
[TRACE] 10:01:04:866 GameBoy/(6272:6272): Mensaje recibido, cod_op: 2.
[TRACE] 10:01:04:866 GameBoy/(6272:6272): Se recibio un mensaje APPEARED_POKEMON
[TRACE] 10:01:04:866 GameBoy/(6272:6272): ID asignado a APPEARED_POKEMON: 2.
[TRACE] 10:01:04:866 GameBoy/(6187:6187): Se recibio un mensaje APPEARED_POKEMON
[TRACE] 10:01:04:866 GameBoy/(6187:6187): ID asignado a APPEARED_POKEMON: 2.
[TRACE] 10:01:04:867 GameBoy/(6273:6273): El mensaje fue enviado.
[TRACE] 10:01:04:867 GameBoy/(6273:6273): Mensaje recibido, cod_op: 2.
[TRACE] 10:01:04:867 GameBoy/(6273:6273): Se recibio un mensaje APPEARED_POKEMON
[TRACE] 10:01:04:867 GameBoy/(6273:6273): ID asignado a APPEARED_POKEMON: 2.
[TRACE] 10:01:06:497 GameBoy/(6274:6274): Caracteristicas de mensaje obtenidas
[TRACE] 10:01:06:497 GameBoy/(6274:6274): Se quiere enviar un mensaje del tipo -2- al modulo -3-
[TRACE] 10:01:06:497 GameBoy/(6274:6274): Leido de config por parametro BROKER. Ip: 127.0.0.1 y Puerto: 4444
[TRACE] 10:01:06:497 GameBoy/(6274:6274): Conexion Creada. Ip: 127.0.0.1 y Puerto: 4444 
[TRACE] 10:01:06:498 GameBoy/(6274:6274): El mensaje fue serializado. 
[TRACE] 10:01:06:498 GameBoy/(6274:6274): OPERATION CODE: 2
[TRACE] 10:01:06:498 GameBoy/(6187:6187): Mensaje recibido, cod_op: 2.
[TRACE] 10:01:06:498 GameBoy/(6187:6187): Se recibio un mensaje APPEARED_POKEMON
[TRACE] 10:01:06:498 GameBoy/(6187:6187): ID asignado a APPEARED_POKEMON: 3.
[TRACE] 10:01:06:498 GameBoy/(6272:6272): Mensaje recibido, cod_op: 2.
[TRACE] 10:01:06:498 GameBoy/(6272:6272): Se recibio un mensaje APPEARED_POKEMON
[TRACE] 10:01:06:498 GameBoy/(6272:6272): ID asignado a APPEARED_POKEMON: 3.
[TRACE] 10:01:06:498 GameBoy/(6274:6274): El mensaje fue enviado.
[TRACE] 10:01:06:498 GameBoy/(6274:6274): Mensaje recibido, cod_op: 2.
[TRACE] 10:01:06:498 GameBoy/(6274:6274): Se recibio un mensaje APPEARED_POKEMON
[TRACE] 10:01:06:499 GameBoy/(6274:6274): ID asignado a APPEARED_POKEMON: 3.
