[INFO] 23:44:24:385 Server/(849:849): Servidor Inicializado
[INFO] 23:45:39:417 Server/(965:965): Servidor Inicializado
[INFO] 23:47:32:443 Server/(1169:1169): Servidor Inicializado
[INFO] 23:50:34:80 Server/(1516:1516): Servidor Inicializado
[INFO] 23:50:37:205 Server/(1516:1524): Mensaje Recibido.
[INFO] 23:52:41:51 Server/(1717:1717): Servidor Inicializado
[INFO] 23:52:44:291 Server/(1717:1719): Mensaje Recibido.
[INFO] 23:52:44:291 Server/(1717:1719): 
[INFO] 23:52:44:291 Server/(1717:1719): Mensaje Serializado
[INFO] 23:52:44:291 Server/(1717:1719): Mensaje Enviado
[INFO] 23:55:46:60 Server/(1982:1982): Servidor Inicializado
[INFO] 23:55:50:121 Server/(1982:1984): Mensaje Recibido.
[INFO] 23:55:50:121 Server/(1982:1984): 
[INFO] 23:55:50:121 Server/(1982:1984): Mensaje Serializado
[INFO] 23:55:50:121 Server/(1982:1984): Mensaje Enviado
[INFO] 12:05:08:81 Server/(5739:5739): Servidor Inicializado
[INFO] 12:05:11:680 Server/(5739:5745): Mensaje Recibido.
[INFO] 12:05:11:680 Server/(5739:5745): OLA
[INFO] 12:05:11:681 Server/(5739:5745): Mensaje Serializado
[INFO] 12:05:11:681 Server/(5739:5745): Mensaje Enviado
[INFO] 12:06:48:364 Server/(5901:5901): Servidor Inicializado
[INFO] 12:06:53:554 Server/(5901:5907): Mensaje Recibido.
[INFO] 12:06:53:555 Server/(5901:5907): OLA
[INFO] 12:06:53:555 Server/(5901:5907): Mensaje Serializado
[INFO] 12:06:53:555 Server/(5901:5907): Mensaje Enviado
[INFO] 12:10:48:542 Server/(6242:6242): Servidor Inicializado
[INFO] 12:10:52:676 Server/(6242:6256): Mensaje Recibido.
[INFO] 12:10:52:676 Server/(6242:6256): OLA
[INFO] 12:10:52:676 Server/(6242:6256): Mensaje Serializado
[INFO] 12:10:52:676 Server/(6242:6256): Mensaje Enviado
[INFO] 12:16:04:602 Server/(6789:6789): 
Servidor Inicializado
[INFO] 12:16:11:55 Server/(6789:6798): Mensaje Recibido.
[INFO] 12:16:11:55 Server/(6789:6798): OLA
[INFO] 12:16:11:56 Server/(6789:6798): Mensaje Serializado
[INFO] 12:16:11:56 Server/(6789:6798): Mensaje Enviado
[INFO] 12:17:22:761 Server/(6944:6944): Servidor Inicializado
[INFO] 12:17:26:409 Server/(6944:6952): Mensaje Recibido.
[INFO] 12:17:26:409 Server/(6944:6952): OLA
[INFO] 12:17:26:410 Server/(6944:6952): Mensaje Serializado
[INFO] 12:17:26:410 Server/(6944:6952): Mensaje Enviado
[INFO] 12:22:48:36 Server/(7355:7355): Servidor Inicializado
[INFO] 12:22:50:326 Server/(7355:7357): Mensaje Recibido.
[INFO] 12:22:50:326 Server/(7355:7357): OLA
[INFO] 12:22:50:326 Server/(7355:7357): Mensaje Serializado
[INFO] 12:22:50:327 Server/(7355:7357): Mensaje Enviado
[INFO] 12:27:06:429 Server/(7703:7703): Servidor Inicializado
[INFO] 12:27:09:490 Server/(7703:7707): Mensaje Recibido.
[INFO] 12:27:09:490 Server/(7703:7707): OLA
[INFO] 12:27:09:490 Server/(7703:7707): Mensaje Serializado
[INFO] 12:27:09:491 Server/(7703:7707): Mensaje Enviado
[INFO] 12:40:16:89 Server/(8719:8719): Servidor Inicializado
[INFO] 12:40:21:266 Server/(8719:8725): Mensaje Recibido.
[INFO] 12:40:21:266 Server/(8719:8725): OLA
[INFO] 12:40:21:266 Server/(8719:8725): Mensaje Serializado
[INFO] 12:40:21:268 Server/(8719:8725): Mensaje Enviado
[INFO] 12:42:22:791 Server/(8944:8944): Servidor Inicializado
[INFO] 12:42:25:177 Server/(8944:8946): Mensaje Recibido.
[INFO] 12:42:25:177 Server/(8944:8946): OLA
[INFO] 12:42:25:177 Server/(8944:8946): Mensaje Serializado
[INFO] 12:42:25:179 Server/(8944:8946): Mensaje Enviado
[INFO] 12:46:09:261 Server/(9328:9328): 
[INFO] 12:46:09:262 Server/(9328:9328): Servidor Inicializado
[INFO] 12:46:15:675 Server/(9328:9338): Mensaje Recibido.
[INFO] 12:46:15:675 Server/(9328:9338): OLA
[INFO] 12:46:15:675 Server/(9328:9338): Mensaje Serializado
[INFO] 12:46:15:677 Server/(9328:9338): Mensaje Enviado
[INFO] 15:41:41:267 Server/(1983:1983): 
[INFO] 15:49:11:338 Server/(2746:2746): 
[INFO] 15:50:43:627 Server/(2894:2894): 
[INFO] 15:50:43:627 Server/(2894:2894): Servidor Inicializado
