[INFO] 13:32:47:607 Server/(4059:4059): 
[INFO] 13:32:47:608 Server/(4059:4059): Servidor Inicializado
[INFO] 13:32:58:868 Server/(4059:4069): Mensaje Recibido.
[INFO] 13:32:58:872 Server/(4059:4069): OLA
[INFO] 13:32:58:872 Server/(4059:4069): Mensaje Serializado
[INFO] 13:32:58:873 Server/(4059:4069): Mensaje Enviado
[INFO] 13:47:02:491 Server/(4649:4649): 
[INFO] 13:47:02:491 Server/(4649:4649): Servidor Inicializado
[INFO] 13:50:13:173 Server/(4960:4960): 
[INFO] 13:50:13:174 Server/(4960:4960): Servidor Inicializado
[INFO] 13:50:19:205 Server/(4960:4964): Mensaje Recibido.
[INFO] 13:50:19:205 Server/(4960:4964): ESTE ES EL MENSAJE XD
[INFO] 13:50:19:205 Server/(4960:4964): Mensaje Serializado
[INFO] 13:50:19:207 Server/(4960:4964): Mensaje Enviado
[INFO] 13:53:55:919 Server/(5313:5313): Primer log ingresado
[INFO] 13:53:55:919 Server/(5313:5313): Servidor Inicializado
[INFO] 14:07:57:383 Server/(5649:5649): Primer log ingresado
[INFO] 14:07:57:383 Server/(5649:5649): Servidor Inicializado
[INFO] 14:13:23:977 Server/(5952:5952): Primer log ingresado
[INFO] 14:13:23:977 Server/(5952:5952): Servidor Inicializado
[INFO] 14:13:35:472 Server/(5953:5953): Primer log ingresado
[INFO] 14:13:35:472 Server/(5953:5953): Servidor Inicializado
[INFO] 14:14:00:549 Server/(5952:23739): Mensaje Recibido.
[INFO] 14:14:00:549 Server/(5952:23739): ESTE ES EL MENSAJE XD
[INFO] 14:14:00:549 Server/(5952:23739): Mensaje Serializado
[INFO] 14:14:00:550 Server/(5952:23739): Mensaje Enviado
[INFO] 14:15:08:901 Server/(23943:23943): Primer log ingresado
[INFO] 14:15:08:901 Server/(23943:23943): Servidor Inicializado
[INFO] 14:15:18:464 Server/(23943:24030): Mensaje Recibido.
[INFO] 14:15:18:465 Server/(23943:24030): ESTE ES EL MENSAJE XD
[INFO] 14:15:18:465 Server/(23943:24030): Mensaje Serializado
[INFO] 14:15:18:465 Server/(23943:24030): Mensaje Enviado
[INFO] 13:04:11:445 Server/(3930:3930): Primer log ingresado
[INFO] 13:04:11:452 Server/(3930:3930): Servidor Inicializado
[INFO] 13:04:19:137 Server/(3930:3932): Mensaje Recibido.
[INFO] 13:04:19:137 Server/(3930:3932): ESTE ES EL MENSAJE XD
[INFO] 13:04:19:137 Server/(3930:3932): Mensaje Serializado
[INFO] 13:04:19:145 Server/(3930:3932): Mensaje Enviado
[INFO] 00:03:50:800 Server/(14478:14478): Primer log ingresado
[INFO] 00:03:50:800 Server/(14478:14478): Servidor Inicializado
[INFO] 00:05:59:379 Server/(14654:14654): Primer log ingresado
[INFO] 00:06:33:373 Server/(14729:14729): Primer log ingresado
[INFO] 00:06:33:375 Server/(14729:14729): Servidor Inicializado
[INFO] 00:07:40:961 Server/(14852:14852): Primer log ingresado
[INFO] 00:07:40:967 Server/(14852:14852): Servidor Inicializado
[INFO] 00:12:47:369 Server/(14921:14921): Primer log ingresado
[INFO] 00:12:47:369 Server/(14921:14921): Servidor Inicializado
[INFO] 00:21:59:10 Server/(15517:15517): Primer log ingresado
[INFO] 00:22:00:85 Server/(15517:15517): Servidor Inicializado
[INFO] 00:22:04:993 Server/(15517:15519): Llegue a process_request
[INFO] 00:23:33:124 Server/(15610:15610): Primer log ingresado
[INFO] 00:23:33:144 Server/(15610:15610): Servidor Inicializado
[INFO] 00:23:35:978 Server/(15610:15612): 1
[INFO] 00:23:35:978 Server/(15610:15612): Llegue a process_request
[INFO] 00:25:02:521 Server/(15729:15729): Primer log ingresado
[INFO] 00:25:02:521 Server/(15729:15729): Servidor Inicializado
[INFO] 00:25:05:127 Server/(15729:15731): Pase el case
[INFO] 00:25:05:128 Server/(15729:15731): pase buffer=
[INFO] 00:27:47:471 Server/(15877:15877): Primer log ingresado
[INFO] 00:27:47:479 Server/(15877:15877): Servidor Inicializado
[INFO] 00:27:49:903 Server/(15877:15879): Mensaje Recibido.
[INFO] 00:27:49:903 Server/(15877:15879): 
[INFO] 00:29:29:904 Server/(15989:15989): Primer log ingresado
[INFO] 00:29:29:904 Server/(15989:15989): Servidor Inicializado
[INFO] 00:30:50:887 Server/(16101:16101): Primer log ingresado
[INFO] 00:30:50:889 Server/(16101:16101): Servidor Inicializado
[INFO] 00:30:53:80 Server/(16101:16103): Mensaje Recibido.
[INFO] 00:30:53:80 Server/(16101:16103): Hola
[INFO] 00:30:53:80 Server/(16101:16103): Mensaje Serializado
[INFO] 00:30:53:84 Server/(16101:16103): Mensaje Enviado
[INFO] 00:33:01:384 Server/(16251:16251): Primer log ingresado
[INFO] 00:33:01:389 Server/(16251:16251): Servidor Inicializado
[INFO] 00:33:03:686 Server/(16251:16254): 22
[INFO] 00:33:03:686 Server/(16251:16254): Mensaje Recibido.
[INFO] 00:33:03:686 Server/(16251:16254): Hola
[INFO] 00:33:03:687 Server/(16251:16254): Mensaje Serializado
[INFO] 00:33:03:690 Server/(16251:16254): Mensaje Enviado
[INFO] 00:41:18:662 Server/(16569:16569): Primer log ingresado
[INFO] 00:41:18:663 Server/(16569:16569): Servidor Inicializado
[INFO] 00:41:21:97 Server/(16569:16571): 22
[INFO] 00:41:21:98 Server/(16569:16571): Mensaje Recibido.
[INFO] 00:41:21:98 Server/(16569:16571): @
[INFO] 00:42:23:199 Server/(16661:16661): Primer log ingresado
[INFO] 00:42:23:200 Server/(16661:16661): Servidor Inicializado
[INFO] 00:42:25:175 Server/(16661:16663): 22
[INFO] 00:44:31:421 Server/(16784:16784): Primer log ingresado
[INFO] 00:44:31:422 Server/(16784:16784): Servidor Inicializado
[INFO] 00:44:33:921 Server/(16784:16786): 22
[INFO] 00:44:33:921 Server/(16784:16786): Mensaje Recibido.
[INFO] 00:44:33:921 Server/(16784:16786): @
[INFO] 00:48:12:639 Server/(16932:16932): Primer log ingresado
[INFO] 00:48:12:639 Server/(16932:16932): Servidor Inicializado
[INFO] 00:48:14:785 Server/(16932:16934): 22
[INFO] 00:48:14:785 Server/(16932:16934): Mensaje Recibido.
[INFO] 00:48:14:785 Server/(16932:16934): @
[INFO] 00:49:53:198 Server/(17045:17045): Primer log ingresado
[INFO] 00:49:53:198 Server/(17045:17045): Servidor Inicializado
[INFO] 00:49:55:889 Server/(17045:17047): 22
[INFO] 00:53:31:418 Server/(17175:17175): Primer log ingresado
[INFO] 00:53:31:420 Server/(17175:17175): Servidor Inicializado
[INFO] 00:53:33:256 Server/(17175:17177): 22
[INFO] 00:55:46:613 Server/(17275:17275): Primer log ingresado
[INFO] 00:55:46:614 Server/(17275:17275): Servidor Inicializado
[INFO] 00:55:48:313 Server/(17275:17277): 22
[INFO] 00:56:25:302 Server/(17361:17361): Primer log ingresado
[INFO] 00:56:25:303 Server/(17361:17361): Servidor Inicializado
[INFO] 00:56:26:391 Server/(17361:17363): 22
[INFO] 00:56:26:392 Server/(17361:17363): Mensaje Recibido.
[INFO] 00:56:26:392 Server/(17361:17363): hola
[INFO] 00:56:26:392 Server/(17361:17363): Mensaje Serializado
[INFO] 00:56:26:392 Server/(17361:17363): Mensaje Enviado
[INFO] 01:07:34:408 Server/(17678:17678): Primer log ingresado
[INFO] 01:07:34:408 Server/(17678:17678): Servidor Inicializado
[INFO] 01:07:36:338 Server/(17678:17681): 22
[INFO] 01:07:36:338 Server/(17678:17681): Mensaje Recibido.
[INFO] 01:07:36:338 Server/(17678:17681): @
[INFO] 01:27:20:509 Server/(18590:18590): Primer log ingresado
[INFO] 01:27:20:520 Server/(18590:18590): Servidor Inicializado
[INFO] 01:27:45:151 Server/(18590:18594): 0
[INFO] 01:27:45:151 Server/(18590:18594): Mensaje Recibido.
[INFO] 01:29:35:146 Server/(18692:18692): Primer log ingresado
[INFO] 01:29:35:147 Server/(18692:18692): Servidor Inicializado
[INFO] 01:29:39:315 Server/(18692:18694): 0
[INFO] 01:29:39:315 Server/(18692:18694): Mensaje Recibido.
[INFO] 01:31:09:161 Server/(18795:18795): Primer log ingresado
[INFO] 01:31:09:161 Server/(18795:18795): Servidor Inicializado
[INFO] 01:31:12:678 Server/(18795:18797): 0
[INFO] 01:31:12:679 Server/(18795:18797): Mensaje Recibido.
[INFO] 01:32:36:221 Server/(18922:18922): Primer log ingresado
[INFO] 01:32:36:227 Server/(18922:18922): Servidor Inicializado
[INFO] 01:32:38:664 Server/(18922:18924): 0
[INFO] 01:32:38:664 Server/(18922:18924): Mensaje Recibido.
[INFO] 01:33:56:66 Server/(19119:19119): Primer log ingresado
[INFO] 01:33:56:67 Server/(19119:19119): Servidor Inicializado
[INFO] 01:34:05:467 Server/(19119:19127): 0
[INFO] 01:34:05:468 Server/(19119:19127): Mensaje Recibido.
[INFO] 01:34:53:682 Server/(19119:19134): 0
[INFO] 01:34:53:682 Server/(19119:19134): Mensaje Recibido.
[INFO] 01:35:02:609 Server/(19143:19143): Primer log ingresado
[INFO] 01:35:02:610 Server/(19143:19143): Servidor Inicializado
[INFO] 01:35:05:508 Server/(19143:19145): 0
[INFO] 01:35:05:511 Server/(19143:19145): Mensaje Recibido.
[INFO] 01:41:21:412 Server/(19273:19273): Primer log ingresado
[INFO] 01:41:21:419 Server/(19273:19273): Servidor Inicializado
[INFO] 01:41:25:688 Server/(19273:19275): 0
[INFO] 01:41:25:688 Server/(19273:19275): Mensaje Recibido.
[INFO] 01:41:54:492 Server/(19353:19353): Primer log ingresado
[INFO] 01:41:54:493 Server/(19353:19353): Servidor Inicializado
[INFO] 01:41:58:791 Server/(19353:19355): 0
[INFO] 01:41:58:792 Server/(19353:19355): Codigo invalido
[INFO] 01:44:19:917 Server/(19510:19510): Primer log ingresado
[INFO] 01:44:19:917 Server/(19510:19510): Servidor Inicializado
[INFO] 01:44:27:1 Server/(19510:19513): 0
[INFO] 01:44:27:1 Server/(19510:19513): Codigo invalido
[INFO] 01:45:06:437 Server/(19596:19596): Primer log ingresado
[INFO] 01:45:06:438 Server/(19596:19596): Servidor Inicializado
[INFO] 01:45:10:395 Server/(19596:19598): 0
[INFO] 01:45:10:395 Server/(19596:19598): Codigo invalido
[INFO] 01:47:20:689 Server/(19697:19697): Primer log ingresado
[INFO] 01:47:20:689 Server/(19697:19697): Servidor Inicializado
[INFO] 01:47:23:796 Server/(19697:19699): 0
[INFO] 01:47:23:797 Server/(19697:19699): Codigo invalido
[INFO] 01:49:09:285 Server/(19805:19805): Primer log ingresado
[INFO] 01:49:09:308 Server/(19805:19805): Servidor Inicializado
[INFO] 01:49:11:898 Server/(19805:19807): 0
[INFO] 01:49:11:898 Server/(19805:19807): Codigo invalido
[INFO] 01:52:59:647 Server/(19950:19950): Primer log ingresado
[INFO] 01:52:59:662 Server/(19950:19950): Servidor Inicializado
[INFO] 01:53:08:795 Server/(19950:19955): 0
[INFO] 01:53:08:795 Server/(19950:19955): Codigo invalido
[INFO] 01:56:37:140 Server/(20103:20103): Primer log ingresado
[INFO] 01:56:37:156 Server/(20103:20103): Servidor Inicializado
[INFO] 01:56:41:857 Server/(20103:20105): 0
[INFO] 01:56:41:857 Server/(20103:20105): Codigo invalido
[INFO] 01:57:24:361 Server/(20185:20185): Primer log ingresado
[INFO] 01:57:24:361 Server/(20185:20185): Servidor Inicializado
[INFO] 01:57:27:916 Server/(20185:20187): 0
[INFO] 01:57:27:918 Server/(20185:20187): Codigo invalido
[INFO] 02:02:51:902 Server/(20496:20496): Primer log ingresado
[INFO] 02:02:51:924 Server/(20496:20496): Servidor Inicializado
[INFO] 02:02:55:96 Server/(20496:20498): 0
[INFO] 02:02:55:96 Server/(20496:20498): Codigo invalido
[INFO] 02:04:49:204 Server/(20608:20608): Primer log ingresado
[INFO] 02:04:49:222 Server/(20608:20608): Servidor Inicializado
[INFO] 02:04:53:825 Server/(20608:20610): 0
[INFO] 02:04:53:825 Server/(20608:20610): Codigo invalido
[INFO] 02:05:38:185 Server/(20696:20696): Primer log ingresado
[INFO] 02:05:38:202 Server/(20696:20696): Servidor Inicializado
[INFO] 02:05:43:36 Server/(20696:20698): 0
[INFO] 02:05:43:36 Server/(20696:20698): Codigo invalido
[INFO] 02:07:49:108 Server/(20870:20870): Primer log ingresado
[INFO] 02:07:49:126 Server/(20870:20870): Servidor Inicializado
[INFO] 02:07:53:218 Server/(20870:20872): 0
[INFO] 02:07:53:218 Server/(20870:20872): Codigo invalido
[INFO] 02:10:07:834 Server/(20999:20999): Primer log ingresado
[INFO] 02:10:07:835 Server/(20999:20999): Servidor Inicializado
[INFO] 02:10:10:334 Server/(20999:21001): 0
[INFO] 02:10:10:334 Server/(20999:21001): Codigo invalido
[INFO] 02:10:56:530 Server/(21085:21085): Primer log ingresado
[INFO] 02:10:56:530 Server/(21085:21085): Servidor Inicializado
[INFO] 02:11:00:702 Server/(21085:21087): 0
[INFO] 02:11:00:702 Server/(21085:21087): Codigo invalido
[INFO] 02:13:10:121 Server/(21238:21238): Primer log ingresado
[INFO] 02:13:10:124 Server/(21238:21238): Servidor Inicializado
[INFO] 02:13:13:181 Server/(21238:21241): 0
[INFO] 02:13:13:181 Server/(21238:21241): Codigo invalido
[INFO] 02:14:41:124 Server/(21338:21338): Primer log ingresado
[INFO] 02:14:41:124 Server/(21338:21338): Servidor Inicializado
[INFO] 02:14:44:183 Server/(21338:21340): 0
[INFO] 02:14:44:183 Server/(21338:21340): Codigo invalido
[INFO] 02:15:27:832 Server/(21427:21427): Primer log ingresado
[INFO] 02:15:27:832 Server/(21427:21427): Servidor Inicializado
[INFO] 02:15:30:223 Server/(21427:21429): 0
[INFO] 02:15:30:225 Server/(21427:21429): Codigo invalido
[INFO] 02:16:12:243 Server/(21521:21521): Primer log ingresado
[INFO] 02:16:12:244 Server/(21521:21521): Servidor Inicializado
[INFO] 02:16:15:68 Server/(21521:21523): 0
[INFO] 02:16:15:70 Server/(21521:21523): Codigo invalido
[INFO] 02:16:43:738 Server/(21607:21607): Primer log ingresado
[INFO] 02:16:43:738 Server/(21607:21607): Servidor Inicializado
[INFO] 02:16:46:744 Server/(21607:21609): 0
[INFO] 02:16:46:746 Server/(21607:21609): Codigo invalido
[INFO] 02:17:13:846 Server/(21699:21699): Primer log ingresado
[INFO] 02:17:13:846 Server/(21699:21699): Servidor Inicializado
[INFO] 02:17:15:737 Server/(21699:21701): 3
[INFO] 02:21:32:952 Server/(21868:21868): Primer log ingresado
[INFO] 02:21:32:960 Server/(21868:21868): Servidor Inicializado
[INFO] 02:21:35:297 Server/(21868:21870): 3
[INFO] 02:23:47:571 Server/(21987:21987): Primer log ingresado
[INFO] 02:23:47:571 Server/(21987:21987): Servidor Inicializado
[INFO] 02:23:49:451 Server/(21987:21989): 3
[INFO] 02:24:39:671 Server/(22080:22080): Primer log ingresado
[INFO] 02:24:39:679 Server/(22080:22080): Servidor Inicializado
[INFO] 02:24:40:880 Server/(22080:22082): 3
[INFO] 02:28:19:989 Server/(22220:22220): Primer log ingresado
[INFO] 02:28:19:0 Server/(22220:22220): Servidor Inicializado
[INFO] 02:28:22:114 Server/(22220:22222): Codigo de operacion: 3
[INFO] 02:34:20:329 Server/(22460:22460): Primer log ingresado
[INFO] 02:34:20:362 Server/(22460:22460): Servidor Inicializado
[INFO] 02:34:22:985 Server/(22460:22462): Codigo de operacion: 3
[INFO] 02:36:08:132 Server/(22591:22591): Primer log ingresado
[INFO] 02:36:08:143 Server/(22591:22591): Servidor Inicializado
[INFO] 02:36:09:235 Server/(22591:22593): Codigo de operacion: 3
[INFO] 02:37:07:719 Server/(22695:22695): Primer log ingresado
[INFO] 02:37:07:719 Server/(22695:22695): Servidor Inicializado
[INFO] 02:37:10:452 Server/(22695:22697): Codigo de operacion: 3
[INFO] 02:40:12:62 Server/(22831:22831): Primer log ingresado
[INFO] 02:40:12:84 Server/(22831:22831): Servidor Inicializado
[INFO] 02:40:14:9 Server/(22831:22833): Codigo de operacion: 3
[INFO] 02:42:50:532 Server/(22972:22972): Primer log ingresado
[INFO] 02:42:50:532 Server/(22972:22972): Servidor Inicializado
[INFO] 02:42:52:467 Server/(22972:22974): Codigo de operacion: 3
[INFO] 02:50:02:88 Server/(23194:23194): Primer log ingresado
[INFO] 02:50:02:99 Server/(23194:23194): Servidor Inicializado
[INFO] 02:50:05:221 Server/(23194:23198): Codigo de operacion: 3
[INFO] 02:52:18:602 Server/(23329:23329): Primer log ingresado
[INFO] 02:52:18:615 Server/(23329:23329): Servidor Inicializado
[INFO] 02:52:20:987 Server/(23329:23331): Codigo de operacion: 3
[INFO] 02:55:19:516 Server/(23473:23473): Primer log ingresado
[INFO] 02:55:19:528 Server/(23473:23473): Servidor Inicializado
[INFO] 02:55:21:65 Server/(23473:23476): Codigo de operacion: 3
[INFO] 02:57:25:258 Server/(23572:23572): Primer log ingresado
[INFO] 02:57:25:269 Server/(23572:23572): Servidor Inicializado
[INFO] 02:57:27:246 Server/(23572:23574): Codigo de operacion: 3
[INFO] 02:58:16:380 Server/(23663:23663): Primer log ingresado
[INFO] 02:58:16:392 Server/(23663:23663): Servidor Inicializado
[INFO] 02:58:18:152 Server/(23663:23665): Codigo de operacion: 3
[INFO] 03:04:53:53 Server/(23866:23866): Primer log ingresado
[INFO] 03:04:54:64 Server/(23866:23866): Servidor Inicializado
[INFO] 03:04:55:574 Server/(23866:23868): Codigo de operacion: 3
[INFO] 13:05:03:504 Server/(4139:4139): Primer log ingresado
[INFO] 13:05:03:593 Server/(4139:4139): Servidor Inicializado
[INFO] 13:05:18:999 Server/(4139:4246): Codigo de operacion: 3
[INFO] 13:09:10:503 Server/(4439:4439): Primer log ingresado
[INFO] 13:09:10:537 Server/(4439:4439): Servidor Inicializado
[INFO] 13:09:17:883 Server/(4439:4441): Codigo de operacion: 3
[INFO] 13:16:11:181 Server/(4838:4838): Primer log ingresado
[INFO] 13:16:11:182 Server/(4838:4838): Servidor Inicializado
[INFO] 13:16:15:568 Server/(4838:4845): Codigo de operacion: 6
[INFO] 13:18:08:590 Server/(4984:4984): Primer log ingresado
[INFO] 13:18:08:594 Server/(4984:4984): Servidor Inicializado
[INFO] 13:18:10:624 Server/(4984:4986): Codigo de operacion: 6
