[TRACE] 12:11:13:382 Team/(18409:18409): --- Log inicializado ---
[TRACE] 12:11:13:382 Team/(18409:18409): --- Entrenadores cargados ---
[TRACE] 12:11:13:382 Team/(18409:18409): Data Entrenador: Posicion 1 2
[TRACE] 12:11:13:382 Team/(18409:18409): Pikachu
[TRACE] 12:11:13:383 Team/(18409:18409): Squirtle
[TRACE] 12:11:13:383 Team/(18409:18409): Pidgey
[TRACE] 12:11:13:383 Team/(18409:18409): Pikachu
[TRACE] 12:11:13:383 Team/(18409:18409): Pikachu
[TRACE] 12:11:13:383 Team/(18409:18409): Squirtle
[TRACE] 12:11:13:383 Team/(18409:18409): Pidgey
[TRACE] 12:11:13:383 Team/(18409:18409): Data Entrenador: Posicion 3 7
[TRACE] 12:11:13:383 Team/(18409:18409): Squirtle
[TRACE] 12:11:13:383 Team/(18409:18409): Charmander
[TRACE] 12:11:13:383 Team/(18409:18409): Pikachu
[TRACE] 12:11:13:384 Team/(18409:18409): Charmander
[TRACE] 12:11:13:384 Team/(18409:18409): Charmander
[TRACE] 12:11:13:384 Team/(18409:18409): Data Entrenador: Posicion 5 5
[TRACE] 12:11:13:384 Team/(18409:18409): Bulbasaur
[TRACE] 12:11:13:384 Team/(18409:18409): Squirtle
[TRACE] 12:11:13:384 Team/(18409:18409): Bulbasaur
[TRACE] 12:11:13:384 Team/(18409:18409): --- Entrenadores mostrados ---
[TRACE] 12:11:13:384 Team/(18409:18409): --- Kokemones obtenidos ---
[TRACE] 12:11:13:384 Team/(18409:18409): Pikachu
[TRACE] 12:11:13:385 Team/(18409:18409): Pikachu
[TRACE] 12:11:13:385 Team/(18409:18409): Squirtle
[TRACE] 12:11:13:385 Team/(18409:18409): Pidgey
[TRACE] 12:11:13:385 Team/(18409:18409): Pikachu
[TRACE] 12:11:13:385 Team/(18409:18409): Charmander
[TRACE] 12:11:13:385 Team/(18409:18409): Charmander
[TRACE] 12:11:13:385 Team/(18409:18409): Squirtle
[TRACE] 12:11:13:385 Team/(18409:18409): Bulbasaur
[TRACE] 12:11:13:386 Team/(18409:18409):  ---- Objetivos Formados ----
[TRACE] 12:11:13:386 Team/(18409:18409): Data de objetivo!
[TRACE] 12:11:13:386 Team/(18409:18409): objetivo: Pikachu
[TRACE] 12:11:13:386 Team/(18409:18409): objetivo: 3
[TRACE] 12:11:13:386 Team/(18409:18409): Data de objetivo!
[TRACE] 12:11:13:386 Team/(18409:18409): objetivo: Squirtle
[TRACE] 12:11:13:386 Team/(18409:18409): objetivo: 2
[TRACE] 12:11:13:386 Team/(18409:18409): Data de objetivo!
[TRACE] 12:11:13:387 Team/(18409:18409): objetivo: Pidgey
[TRACE] 12:11:13:387 Team/(18409:18409): objetivo: 1
[TRACE] 12:11:13:387 Team/(18409:18409): Data de objetivo!
[TRACE] 12:11:13:387 Team/(18409:18409): objetivo: Charmander
[TRACE] 12:11:13:387 Team/(18409:18409): objetivo: 2
[TRACE] 12:11:13:387 Team/(18409:18409): Data de objetivo!
[TRACE] 12:11:13:387 Team/(18409:18409): objetivo: Bulbasaur
[TRACE] 12:11:13:387 Team/(18409:18409): objetivo: 1
[TRACE] 12:11:13:388 Team/(18409:18409): Ip Gameboy Leida : 127.0.0.2 Puerto Gameboy Leido :  5002

[TRACE] 12:11:13:388 Team/(18409:18409): Esperando Cliente
[TRACE] 12:11:13:388 Team/(18409:18409): Va a ejecutar 'accept'.
[TRACE] 12:11:13:388 Team/(18409:18411): Ip BROKER Leida : 127.0.0.1 Puerto BROKER Leido : 4444

[TRACE] 12:11:13:389 Team/(18409:18411): Enviado get para: Pikachu
[TRACE] 12:11:13:389 Team/(18409:18411): Enviado get para: Squirtle
[TRACE] 12:11:13:389 Team/(18409:18411): Enviado get para: Pidgey
[TRACE] 12:11:13:389 Team/(18409:18411): Enviado get para: Charmander
[TRACE] 12:11:13:390 Team/(18409:18411): Enviado get para: Bulbasaur
[TRACE] 12:11:13:390 Team/(18409:18411): Gets enviados
[TRACE] 12:11:13:390 Team/(18409:18410): Ip BROKER Leida : 127.0.0.1 Puerto BROKER Leido : 4444

[TRACE] 12:11:13:390 Team/(18409:18410): Mensaje suscripcion enviado
[TRACE] 12:11:13:396 Team/(18409:18410): socket a esperar 8
[TRACE] 12:11:13:396 Team/(18409:18410): Suscripcion completada
[TRACE] 12:11:13:396 Team/(18409:18410): Ip BROKER Leida : 127.0.0.1 Puerto BROKER Leido : 4444

[TRACE] 12:11:13:396 Team/(18409:18410): Mensaje suscripcion enviado
[TRACE] 12:11:13:396 Team/(18409:18410): socket a esperar 9
[TRACE] 12:11:13:396 Team/(18409:18410): Suscripcion completada
[TRACE] 12:11:13:396 Team/(18409:18410): Ip BROKER Leida : 127.0.0.1 Puerto BROKER Leido : 4444

[TRACE] 12:11:13:397 Team/(18409:18410): Mensaje suscripcion enviado
[TRACE] 12:11:13:397 Team/(18409:18410): socket a esperar 10
[TRACE] 12:11:13:397 Team/(18409:18410): Suscripcion completada
[TRACE] 12:11:13:398 Team/(18409:18416): Esperando que aparezcan mensajes en 9
[TRACE] 12:11:13:398 Team/(18409:18418): Esperando que aparezcan mensajes en 10
[TRACE] 12:11:13:398 Team/(18409:18414): Esperando que aparezcan mensajes en 8
[TRACE] 12:12:53:878 Team/(18409:18418): Mensaje recibido, cod_op: -1254108344.
[TRACE] 12:12:53:878 Team/(18409:18416): Mensaje recibido, cod_op: -1245715640.
[TRACE] 12:12:53:878 Team/(18409:18414): Mensaje recibido, cod_op: -1237322936.
[TRACE] 12:14:37:965 Team/(19965:19965): --- Log inicializado ---
[TRACE] 12:14:37:966 Team/(19965:19965): --- Entrenadores cargados ---
[TRACE] 12:14:37:966 Team/(19965:19965): Data Entrenador: Posicion 1 2
[TRACE] 12:14:37:966 Team/(19965:19965): Pikachu
[TRACE] 12:14:37:966 Team/(19965:19965): Squirtle
[TRACE] 12:14:37:966 Team/(19965:19965): Pidgey
[TRACE] 12:14:37:966 Team/(19965:19965): Pikachu
[TRACE] 12:14:37:967 Team/(19965:19965): Pikachu
[TRACE] 12:14:37:967 Team/(19965:19965): Squirtle
[TRACE] 12:14:37:967 Team/(19965:19965): Pidgey
[TRACE] 12:14:37:967 Team/(19965:19965): Data Entrenador: Posicion 3 7
[TRACE] 12:14:37:968 Team/(19965:19965): Squirtle
[TRACE] 12:14:37:968 Team/(19965:19965): Charmander
[TRACE] 12:14:37:968 Team/(19965:19965): Pikachu
[TRACE] 12:14:37:968 Team/(19965:19965): Charmander
[TRACE] 12:14:37:968 Team/(19965:19965): Charmander
[TRACE] 12:14:37:968 Team/(19965:19965): Data Entrenador: Posicion 5 5
[TRACE] 12:14:37:968 Team/(19965:19965): Bulbasaur
[TRACE] 12:14:37:968 Team/(19965:19965): Squirtle
[TRACE] 12:14:37:969 Team/(19965:19965): Bulbasaur
[TRACE] 12:14:37:969 Team/(19965:19965): --- Entrenadores mostrados ---
[TRACE] 12:14:37:969 Team/(19965:19965): --- Kokemones obtenidos ---
[TRACE] 12:14:37:969 Team/(19965:19965): Pikachu
[TRACE] 12:14:37:969 Team/(19965:19965): Pikachu
[TRACE] 12:14:37:970 Team/(19965:19965): Squirtle
[TRACE] 12:14:37:970 Team/(19965:19965): Pidgey
[TRACE] 12:14:37:970 Team/(19965:19965): Pikachu
[TRACE] 12:14:37:970 Team/(19965:19965): Charmander
[TRACE] 12:14:37:970 Team/(19965:19965): Charmander
[TRACE] 12:14:37:970 Team/(19965:19965): Squirtle
[TRACE] 12:14:37:971 Team/(19965:19965): Bulbasaur
[TRACE] 12:14:37:971 Team/(19965:19965):  ---- Objetivos Formados ----
[TRACE] 12:14:37:971 Team/(19965:19965): Data de objetivo!
[TRACE] 12:14:37:971 Team/(19965:19965): objetivo: Pikachu
[TRACE] 12:14:37:971 Team/(19965:19965): objetivo: 3
[TRACE] 12:14:37:971 Team/(19965:19965): Data de objetivo!
[TRACE] 12:14:37:971 Team/(19965:19965): objetivo: Squirtle
[TRACE] 12:14:37:971 Team/(19965:19965): objetivo: 2
[TRACE] 12:14:37:971 Team/(19965:19965): Data de objetivo!
[TRACE] 12:14:37:971 Team/(19965:19965): objetivo: Pidgey
[TRACE] 12:14:37:971 Team/(19965:19965): objetivo: 1
[TRACE] 12:14:37:971 Team/(19965:19965): Data de objetivo!
[TRACE] 12:14:37:971 Team/(19965:19965): objetivo: Charmander
[TRACE] 12:14:37:971 Team/(19965:19965): objetivo: 2
[TRACE] 12:14:37:971 Team/(19965:19965): Data de objetivo!
[TRACE] 12:14:37:971 Team/(19965:19965): objetivo: Bulbasaur
[TRACE] 12:14:37:971 Team/(19965:19965): objetivo: 1
[TRACE] 12:14:37:971 Team/(19965:19965): Ip Gameboy Leida : 127.0.0.2 Puerto Gameboy Leido :  5002

[TRACE] 12:14:37:972 Team/(19965:19965): Esperando Cliente
[TRACE] 12:14:37:972 Team/(19965:19965): Va a ejecutar 'accept'.
[TRACE] 12:14:37:972 Team/(19965:19967): Ip BROKER Leida : 127.0.0.1 Puerto BROKER Leido : 4444

[TRACE] 12:14:37:972 Team/(19965:19967): Enviado get para: Pikachu
[TRACE] 12:14:37:972 Team/(19965:19967): Enviado get para: Squirtle
[TRACE] 12:14:37:972 Team/(19965:19967): Enviado get para: Pidgey
[TRACE] 12:14:37:973 Team/(19965:19967): Enviado get para: Charmander
[TRACE] 12:14:37:973 Team/(19965:19967): Enviado get para: Bulbasaur
[TRACE] 12:14:37:973 Team/(19965:19967): Gets enviados
[TRACE] 12:14:37:973 Team/(19965:19966): Ip BROKER Leida : 127.0.0.1 Puerto BROKER Leido : 4444

[TRACE] 12:14:37:973 Team/(19965:19966): Mensaje suscripcion enviado
[TRACE] 12:14:37:973 Team/(19965:19966): socket a esperar 8
[TRACE] 12:14:37:974 Team/(19965:19966): Suscripcion completada
[TRACE] 12:14:37:974 Team/(19965:19966): Ip BROKER Leida : 127.0.0.1 Puerto BROKER Leido : 4444

[TRACE] 12:14:37:977 Team/(19965:19966): Mensaje suscripcion enviado
[TRACE] 12:14:37:977 Team/(19965:19966): socket a esperar 9
[TRACE] 12:14:37:978 Team/(19965:19966): Suscripcion completada
[TRACE] 12:14:37:978 Team/(19965:19966): Ip BROKER Leida : 127.0.0.1 Puerto BROKER Leido : 4444

[TRACE] 12:14:37:978 Team/(19965:19966): Mensaje suscripcion enviado
[TRACE] 12:14:37:978 Team/(19965:19966): socket a esperar 10
[TRACE] 12:14:37:978 Team/(19965:19966): Suscripcion completada
[TRACE] 12:14:37:979 Team/(19965:19972): Esperando que aparezcan mensajes en 9
[TRACE] 12:14:37:979 Team/(19965:19974): Esperando que aparezcan mensajes en 10
[TRACE] 12:14:37:979 Team/(19965:19970): Esperando que aparezcan mensajes en 8
[TRACE] 12:14:54:950 Team/(19988:19988): --- Log inicializado ---
[TRACE] 12:14:54:950 Team/(19988:19988): --- Entrenadores cargados ---
[TRACE] 12:14:54:950 Team/(19988:19988): Data Entrenador: Posicion 1 2
[TRACE] 12:14:54:950 Team/(19988:19988): Pikachu
[TRACE] 12:14:54:950 Team/(19988:19988): Squirtle
[TRACE] 12:14:54:951 Team/(19988:19988): Pidgey
[TRACE] 12:14:54:951 Team/(19988:19988): Pikachu
[TRACE] 12:14:54:951 Team/(19988:19988): Pikachu
[TRACE] 12:14:54:951 Team/(19988:19988): Squirtle
[TRACE] 12:14:54:951 Team/(19988:19988): Pidgey
[TRACE] 12:14:54:951 Team/(19988:19988): Data Entrenador: Posicion 3 7
[TRACE] 12:14:54:951 Team/(19988:19988): Squirtle
[TRACE] 12:14:54:951 Team/(19988:19988): Charmander
[TRACE] 12:14:54:951 Team/(19988:19988): Pikachu
[TRACE] 12:14:54:952 Team/(19988:19988): Charmander
[TRACE] 12:14:54:952 Team/(19988:19988): Charmander
[TRACE] 12:14:54:952 Team/(19988:19988): Data Entrenador: Posicion 5 5
[TRACE] 12:14:54:952 Team/(19988:19988): Bulbasaur
[TRACE] 12:14:54:952 Team/(19988:19988): Squirtle
[TRACE] 12:14:54:952 Team/(19988:19988): Bulbasaur
[TRACE] 12:14:54:952 Team/(19988:19988): --- Entrenadores mostrados ---
[TRACE] 12:14:54:952 Team/(19988:19988): --- Kokemones obtenidos ---
[TRACE] 12:14:54:952 Team/(19988:19988): Pikachu
[TRACE] 12:14:54:952 Team/(19988:19988): Pikachu
[TRACE] 12:14:54:953 Team/(19988:19988): Squirtle
[TRACE] 12:14:54:953 Team/(19988:19988): Pidgey
[TRACE] 12:14:54:953 Team/(19988:19988): Pikachu
[TRACE] 12:14:54:953 Team/(19988:19988): Charmander
[TRACE] 12:14:54:953 Team/(19988:19988): Charmander
[TRACE] 12:14:54:953 Team/(19988:19988): Squirtle
[TRACE] 12:14:54:953 Team/(19988:19988): Bulbasaur
[TRACE] 12:14:54:953 Team/(19988:19988):  ---- Objetivos Formados ----
[TRACE] 12:14:54:953 Team/(19988:19988): Data de objetivo!
[TRACE] 12:14:54:953 Team/(19988:19988): objetivo: Pikachu
[TRACE] 12:14:54:953 Team/(19988:19988): objetivo: 3
[TRACE] 12:14:54:954 Team/(19988:19988): Data de objetivo!
[TRACE] 12:14:54:954 Team/(19988:19988): objetivo: Squirtle
[TRACE] 12:14:54:954 Team/(19988:19988): objetivo: 2
[TRACE] 12:14:54:954 Team/(19988:19988): Data de objetivo!
[TRACE] 12:14:54:954 Team/(19988:19988): objetivo: Pidgey
[TRACE] 12:14:54:954 Team/(19988:19988): objetivo: 1
[TRACE] 12:14:54:954 Team/(19988:19988): Data de objetivo!
[TRACE] 12:14:54:954 Team/(19988:19988): objetivo: Charmander
[TRACE] 12:14:54:954 Team/(19988:19988): objetivo: 2
[TRACE] 12:14:54:954 Team/(19988:19988): Data de objetivo!
[TRACE] 12:14:54:955 Team/(19988:19988): objetivo: Bulbasaur
[TRACE] 12:14:54:955 Team/(19988:19988): objetivo: 1
[TRACE] 12:14:54:955 Team/(19988:19988): Ip Gameboy Leida : 127.0.0.2 Puerto Gameboy Leido :  5002

[TRACE] 12:14:54:955 Team/(19988:19988): Esperando Cliente
[TRACE] 12:14:54:955 Team/(19988:19988): Va a ejecutar 'accept'.
[TRACE] 12:14:54:955 Team/(19988:19990): Ip BROKER Leida : 127.0.0.1 Puerto BROKER Leido : 4444

[TRACE] 12:14:54:956 Team/(19988:19990): Enviado get para: Pikachu
[TRACE] 12:14:54:956 Team/(19988:19990): Enviado get para: Squirtle
[TRACE] 12:14:54:956 Team/(19988:19990): Enviado get para: Pidgey
[TRACE] 12:14:54:956 Team/(19988:19990): Enviado get para: Charmander
[TRACE] 12:14:54:956 Team/(19988:19990): Enviado get para: Bulbasaur
[TRACE] 12:14:54:956 Team/(19988:19990): Gets enviados
[TRACE] 12:14:54:956 Team/(19988:19989): Ip BROKER Leida : 127.0.0.1 Puerto BROKER Leido : 4444

[TRACE] 12:14:54:957 Team/(19988:19989): Mensaje suscripcion enviado
[TRACE] 12:14:54:957 Team/(19988:19989): socket a esperar 8
[TRACE] 12:14:54:957 Team/(19988:19989): Suscripcion completada
[TRACE] 12:14:54:957 Team/(19988:19989): Ip BROKER Leida : 127.0.0.1 Puerto BROKER Leido : 4444

[TRACE] 12:14:54:958 Team/(19988:19989): Mensaje suscripcion enviado
[TRACE] 12:14:54:958 Team/(19988:19989): socket a esperar 9
[TRACE] 12:14:54:958 Team/(19988:19989): Suscripcion completada
[TRACE] 12:14:54:958 Team/(19988:19989): Ip BROKER Leida : 127.0.0.1 Puerto BROKER Leido : 4444

[TRACE] 12:14:54:959 Team/(19988:19989): Mensaje suscripcion enviado
[TRACE] 12:14:54:967 Team/(19988:19989): socket a esperar 10
[TRACE] 12:14:54:967 Team/(19988:19989): Suscripcion completada
[TRACE] 12:14:54:969 Team/(19988:19997): Esperando que aparezcan mensajes en 10
[TRACE] 12:14:54:969 Team/(19988:19995): Esperando que aparezcan mensajes en 9
[TRACE] 12:14:54:969 Team/(19988:19993): Esperando que aparezcan mensajes en 8
[TRACE] 12:15:17:668 Team/(19988:19993): Mensaje recibido, cod_op: 2.
[TRACE] 12:15:17:668 Team/(19988:19993): Se recibio un mensaje APPEARED_POKEMON
[TRACE] 12:15:17:668 Team/(19988:19993): Mensaje recibido manejado.
[TRACE] 12:15:22:446 Team/(19988:19997): Mensaje recibido, cod_op: -1254108344.
[TRACE] 12:15:22:446 Team/(19988:19995): Mensaje recibido, cod_op: -1245715640.
[TRACE] 12:15:22:446 Team/(19988:19993): Mensaje recibido, cod_op: -1237322936.
[TRACE] 12:22:26:374 Team/(20646:20646): --- Log inicializado ---
[TRACE] 12:22:26:374 Team/(20646:20646): --- Entrenadores cargados ---
[TRACE] 12:22:26:374 Team/(20646:20646): Data Entrenador: Posicion 1 2
[TRACE] 12:22:26:374 Team/(20646:20646): Pikachu
[TRACE] 12:22:26:374 Team/(20646:20646): Squirtle
[TRACE] 12:22:26:374 Team/(20646:20646): Pidgey
[TRACE] 12:22:26:374 Team/(20646:20646): Pikachu
[TRACE] 12:22:26:374 Team/(20646:20646): Pikachu
[TRACE] 12:22:26:374 Team/(20646:20646): Squirtle
[TRACE] 12:22:26:374 Team/(20646:20646): Pidgey
[TRACE] 12:22:26:374 Team/(20646:20646): Data Entrenador: Posicion 3 7
[TRACE] 12:22:26:374 Team/(20646:20646): Squirtle
[TRACE] 12:22:26:374 Team/(20646:20646): Charmander
[TRACE] 12:22:26:374 Team/(20646:20646): Pikachu
[TRACE] 12:22:26:374 Team/(20646:20646): Charmander
[TRACE] 12:22:26:374 Team/(20646:20646): Charmander
[TRACE] 12:22:26:374 Team/(20646:20646): Data Entrenador: Posicion 5 5
[TRACE] 12:22:26:374 Team/(20646:20646): Bulbasaur
[TRACE] 12:22:26:374 Team/(20646:20646): Squirtle
[TRACE] 12:22:26:374 Team/(20646:20646): Bulbasaur
[TRACE] 12:22:26:374 Team/(20646:20646): --- Entrenadores mostrados ---
[TRACE] 12:22:26:374 Team/(20646:20646): --- Kokemones obtenidos ---
[TRACE] 12:22:26:374 Team/(20646:20646): Pikachu
[TRACE] 12:22:26:374 Team/(20646:20646): Pikachu
[TRACE] 12:22:26:374 Team/(20646:20646): Squirtle
[TRACE] 12:22:26:374 Team/(20646:20646): Pidgey
[TRACE] 12:22:26:374 Team/(20646:20646): Pikachu
[TRACE] 12:22:26:374 Team/(20646:20646): Charmander
[TRACE] 12:22:26:374 Team/(20646:20646): Charmander
[TRACE] 12:22:26:374 Team/(20646:20646): Squirtle
[TRACE] 12:22:26:374 Team/(20646:20646): Bulbasaur
[TRACE] 12:22:26:374 Team/(20646:20646):  ---- Objetivos Formados ----
[TRACE] 12:22:26:374 Team/(20646:20646): Data de objetivo!
[TRACE] 12:22:26:374 Team/(20646:20646): objetivo: Pikachu
[TRACE] 12:22:26:374 Team/(20646:20646): objetivo: 3
[TRACE] 12:22:26:375 Team/(20646:20646): Data de objetivo!
[TRACE] 12:22:26:375 Team/(20646:20646): objetivo: Squirtle
[TRACE] 12:22:26:375 Team/(20646:20646): objetivo: 2
[TRACE] 12:22:26:375 Team/(20646:20646): Data de objetivo!
[TRACE] 12:22:26:375 Team/(20646:20646): objetivo: Pidgey
[TRACE] 12:22:26:375 Team/(20646:20646): objetivo: 1
[TRACE] 12:22:26:375 Team/(20646:20646): Data de objetivo!
[TRACE] 12:22:26:375 Team/(20646:20646): objetivo: Charmander
[TRACE] 12:22:26:375 Team/(20646:20646): objetivo: 2
[TRACE] 12:22:26:375 Team/(20646:20646): Data de objetivo!
[TRACE] 12:22:26:375 Team/(20646:20646): objetivo: Bulbasaur
[TRACE] 12:22:26:375 Team/(20646:20646): objetivo: 1
[TRACE] 12:22:26:375 Team/(20646:20646): Ip Gameboy Leida : 127.0.0.2 Puerto Gameboy Leido :  5002

[TRACE] 12:22:26:375 Team/(20646:20646): Esperando Cliente
[TRACE] 12:22:26:375 Team/(20646:20646): Va a ejecutar 'accept'.
[TRACE] 12:22:26:375 Team/(20646:20648): Ip BROKER Leida : 127.0.0.1 Puerto BROKER Leido : 4444

[TRACE] 12:22:26:390 Team/(20646:20648): Enviado get para: Pikachu
[TRACE] 12:22:26:390 Team/(20646:20648): Enviado get para: Squirtle
[TRACE] 12:22:26:390 Team/(20646:20647): Ip BROKER Leida : 127.0.0.1 Puerto BROKER Leido : 4444

[TRACE] 12:22:26:390 Team/(20646:20648): Enviado get para: Pidgey
[TRACE] 12:22:26:390 Team/(20646:20648): Enviado get para: Charmander
[TRACE] 12:22:26:391 Team/(20646:20648): Enviado get para: Bulbasaur
[TRACE] 12:22:26:391 Team/(20646:20648): Gets enviados
[TRACE] 12:22:26:392 Team/(20646:20647): Mensaje suscripcion enviado
[TRACE] 12:22:26:393 Team/(20646:20647): socket a esperar 8
[TRACE] 12:22:26:393 Team/(20646:20647): Suscripcion completada
[TRACE] 12:22:26:395 Team/(20646:20647): Ip BROKER Leida : 127.0.0.1 Puerto BROKER Leido : 4444

[TRACE] 12:22:26:397 Team/(20646:20647): Mensaje suscripcion enviado
[TRACE] 12:22:26:397 Team/(20646:20647): socket a esperar 9
[TRACE] 12:22:26:397 Team/(20646:20647): Suscripcion completada
[TRACE] 12:22:26:397 Team/(20646:20647): Ip BROKER Leida : 127.0.0.1 Puerto BROKER Leido : 4444

[TRACE] 12:22:26:398 Team/(20646:20647): Mensaje suscripcion enviado
[TRACE] 12:22:26:398 Team/(20646:20651): Esperando que aparezcan mensajes en 8
[TRACE] 12:22:26:398 Team/(20646:20647): socket a esperar 10
[TRACE] 12:22:26:398 Team/(20646:20647): Suscripcion completada
[TRACE] 12:22:26:399 Team/(20646:20653): Esperando que aparezcan mensajes en 9
[TRACE] 12:22:26:399 Team/(20646:20655): Esperando que aparezcan mensajes en 10
[TRACE] 12:22:29:948 Team/(20646:20651): Mensaje recibido, cod_op: 2.
[TRACE] 12:22:29:948 Team/(20646:20651): Se recibio un mensaje APPEARED_POKEMON
[TRACE] 12:22:29:948 Team/(20646:20651): Mensaje recibido manejado.
[TRACE] 12:23:28:898 Team/(20646:20655): Mensaje recibido, cod_op: 4.
[TRACE] 12:23:28:898 Team/(20646:20655): Se recibio un mensaje CAUGHT_POKEMON
[TRACE] 12:23:28:898 Team/(20646:20655): Mensaje recibido manejado.
[TRACE] 12:23:36:641 Team/(20646:20651): Mensaje recibido, cod_op: 2.
[TRACE] 12:23:36:641 Team/(20646:20651): Se recibio un mensaje APPEARED_POKEMON
[TRACE] 12:23:36:641 Team/(20646:20651): Mensaje recibido manejado.
[TRACE] 12:23:59:866 Team/(20646:20651): Mensaje recibido, cod_op: 2.
[TRACE] 12:23:59:866 Team/(20646:20651): Se recibio un mensaje APPEARED_POKEMON
[TRACE] 12:23:59:866 Team/(20646:20651): Mensaje recibido manejado.
[TRACE] 12:24:31:138 Team/(20646:20651): Mensaje recibido, cod_op: 2.
[TRACE] 12:24:31:138 Team/(20646:20651): Se recibio un mensaje APPEARED_POKEMON
[TRACE] 12:24:31:138 Team/(20646:20651): Mensaje recibido manejado.
[TRACE] 12:24:31:649 Team/(20646:20651): Mensaje recibido, cod_op: 2.
[TRACE] 12:24:31:649 Team/(20646:20651): Se recibio un mensaje APPEARED_POKEMON
[TRACE] 12:24:31:649 Team/(20646:20651): Mensaje recibido manejado.
[TRACE] 12:24:53:194 Team/(20646:20651): Mensaje recibido, cod_op: 2.
[TRACE] 12:24:53:194 Team/(20646:20651): Se recibio un mensaje APPEARED_POKEMON
[TRACE] 12:24:53:194 Team/(20646:20651): Mensaje recibido manejado.
[TRACE] 12:24:56:209 Team/(20646:20655): Mensaje recibido, cod_op: 4.
[TRACE] 12:24:56:209 Team/(20646:20655): Se recibio un mensaje CAUGHT_POKEMON
[TRACE] 12:24:56:209 Team/(20646:20655): Mensaje recibido manejado.
[TRACE] 12:25:28:237 Team/(20646:20655): Mensaje recibido, cod_op: 159798240.
[TRACE] 12:25:28:237 Team/(20646:20653): Mensaje recibido, cod_op: -1247812792.
[TRACE] 12:25:28:237 Team/(20646:20651): Mensaje recibido, cod_op: -1239420088.
[ERROR] 12:25:28:238 Team/(20646:20655): Opcode inválido.
[TRACE] 12:25:28:238 Team/(20646:20655): Mensaje recibido manejado.
[TRACE] 12:25:28:238 Team/(20646:20655): Mensaje recibido, cod_op: -1256205496.
[TRACE] 12:41:50:536 Team/(23205:23205): --- Log inicializado ---
[TRACE] 12:41:50:536 Team/(23205:23205): --- Entrenadores cargados ---
[TRACE] 12:41:50:536 Team/(23205:23205): Data Entrenador: Posicion 1 2
[TRACE] 12:41:50:536 Team/(23205:23205): Pikachu
[TRACE] 12:41:50:537 Team/(23205:23205): Squirtle
[TRACE] 12:41:50:537 Team/(23205:23205): Pidgey
[TRACE] 12:41:50:537 Team/(23205:23205): Pikachu
[TRACE] 12:41:50:537 Team/(23205:23205): Pikachu
[TRACE] 12:41:50:537 Team/(23205:23205): Squirtle
[TRACE] 12:41:50:537 Team/(23205:23205): Pidgey
[TRACE] 12:41:50:537 Team/(23205:23205): Data Entrenador: Posicion 3 7
[TRACE] 12:41:50:537 Team/(23205:23205): Squirtle
[TRACE] 12:41:50:537 Team/(23205:23205): Charmander
[TRACE] 12:41:50:537 Team/(23205:23205): Pikachu
[TRACE] 12:41:50:538 Team/(23205:23205): Charmander
[TRACE] 12:41:50:538 Team/(23205:23205): Charmander
[TRACE] 12:41:50:538 Team/(23205:23205): Data Entrenador: Posicion 5 5
[TRACE] 12:41:50:538 Team/(23205:23205): Bulbasaur
[TRACE] 12:41:50:538 Team/(23205:23205): Squirtle
[TRACE] 12:41:50:538 Team/(23205:23205): Bulbasaur
[TRACE] 12:41:50:538 Team/(23205:23205): --- Entrenadores mostrados ---
[TRACE] 12:41:50:538 Team/(23205:23205): --- Kokemones obtenidos ---
[TRACE] 12:41:50:538 Team/(23205:23205): Pikachu
[TRACE] 12:41:50:538 Team/(23205:23205): Pikachu
[TRACE] 12:41:50:538 Team/(23205:23205): Squirtle
[TRACE] 12:41:50:539 Team/(23205:23205): Pidgey
[TRACE] 12:41:50:539 Team/(23205:23205): Pikachu
[TRACE] 12:41:50:539 Team/(23205:23205): Charmander
[TRACE] 12:41:50:539 Team/(23205:23205): Charmander
[TRACE] 12:41:50:539 Team/(23205:23205): Squirtle
[TRACE] 12:41:50:539 Team/(23205:23205): Bulbasaur
[TRACE] 12:41:50:539 Team/(23205:23205):  ---- Objetivos Formados ----
[TRACE] 12:41:50:539 Team/(23205:23205): Data de objetivo!
[TRACE] 12:41:50:539 Team/(23205:23205): objetivo: Pikachu
[TRACE] 12:41:50:539 Team/(23205:23205): objetivo: 3
[TRACE] 12:41:50:539 Team/(23205:23205): Data de objetivo!
[TRACE] 12:41:50:540 Team/(23205:23205): objetivo: Squirtle
[TRACE] 12:41:50:540 Team/(23205:23205): objetivo: 2
[TRACE] 12:41:50:540 Team/(23205:23205): Data de objetivo!
[TRACE] 12:41:50:540 Team/(23205:23205): objetivo: Pidgey
[TRACE] 12:41:50:540 Team/(23205:23205): objetivo: 1
[TRACE] 12:41:50:540 Team/(23205:23205): Data de objetivo!
[TRACE] 12:41:50:540 Team/(23205:23205): objetivo: Charmander
[TRACE] 12:41:50:540 Team/(23205:23205): objetivo: 2
[TRACE] 12:41:50:541 Team/(23205:23205): Data de objetivo!
[TRACE] 12:41:50:541 Team/(23205:23205): objetivo: Bulbasaur
[TRACE] 12:41:50:541 Team/(23205:23205): objetivo: 1
[TRACE] 12:41:50:541 Team/(23205:23205): Ip Gameboy Leida : 127.0.0.2 Puerto Gameboy Leido :  5002

[TRACE] 12:41:50:541 Team/(23205:23205): Esperando Cliente
[TRACE] 12:41:50:541 Team/(23205:23205): Va a ejecutar 'accept'.
[TRACE] 12:41:50:541 Team/(23205:23207): Ip BROKER Leida : 127.0.0.1 Puerto BROKER Leido : 4444

[TRACE] 12:41:50:542 Team/(23205:23207): Enviado get para: Pikachu
[TRACE] 12:41:50:542 Team/(23205:23207): Enviado get para: Squirtle
[TRACE] 12:41:50:542 Team/(23205:23207): Enviado get para: Pidgey
[TRACE] 12:41:50:542 Team/(23205:23207): Enviado get para: Charmander
[TRACE] 12:41:50:542 Team/(23205:23207): Enviado get para: Bulbasaur
[TRACE] 12:41:50:542 Team/(23205:23207): Gets enviados
[TRACE] 12:41:50:542 Team/(23205:23206): Ip BROKER Leida : 127.0.0.1 Puerto BROKER Leido : 4444

[TRACE] 12:41:50:543 Team/(23205:23206): Mensaje suscripcion enviado
[TRACE] 12:41:50:543 Team/(23205:23206): socket a esperar 8
[TRACE] 12:41:50:543 Team/(23205:23206): Suscripcion completada
[TRACE] 12:41:50:544 Team/(23205:23206): Ip BROKER Leida : 127.0.0.1 Puerto BROKER Leido : 4444

[TRACE] 12:41:50:545 Team/(23205:23206): Mensaje suscripcion enviado
[TRACE] 12:41:50:545 Team/(23205:23206): socket a esperar 9
[TRACE] 12:41:50:549 Team/(23205:23206): Suscripcion completada
[TRACE] 12:41:50:549 Team/(23205:23206): Ip BROKER Leida : 127.0.0.1 Puerto BROKER Leido : 4444

[TRACE] 12:41:50:549 Team/(23205:23206): Mensaje suscripcion enviado
[TRACE] 12:41:50:549 Team/(23205:23206): socket a esperar 10
[TRACE] 12:41:50:549 Team/(23205:23206): Suscripcion completada
[TRACE] 12:41:50:551 Team/(23205:23214): Esperando que aparezcan mensajes en 10
[TRACE] 12:41:50:551 Team/(23205:23212): Esperando que aparezcan mensajes en 9
[TRACE] 12:41:50:551 Team/(23205:23210): Esperando que aparezcan mensajes en 8
[TRACE] 12:42:22:82 Team/(23205:23214): Mensaje recibido, cod_op: -1254108344.
[TRACE] 12:42:22:82 Team/(23205:23212): Mensaje recibido, cod_op: -1245715640.
[TRACE] 12:42:22:82 Team/(23205:23210): Mensaje recibido, cod_op: -1237322936.
[TRACE] 12:45:17:874 Team/(23611:23611): --- Log inicializado ---
[TRACE] 12:45:17:874 Team/(23611:23611): --- Entrenadores cargados ---
[TRACE] 12:45:17:874 Team/(23611:23611): Data Entrenador: Posicion 1 2
[TRACE] 12:45:17:874 Team/(23611:23611): Pikachu
[TRACE] 12:45:17:874 Team/(23611:23611): Squirtle
[TRACE] 12:45:17:874 Team/(23611:23611): Pidgey
[TRACE] 12:45:17:874 Team/(23611:23611): Pikachu
[TRACE] 12:45:17:875 Team/(23611:23611): Pikachu
[TRACE] 12:45:17:875 Team/(23611:23611): Squirtle
[TRACE] 12:45:17:875 Team/(23611:23611): Pidgey
[TRACE] 12:45:17:875 Team/(23611:23611): Data Entrenador: Posicion 3 7
[TRACE] 12:45:17:875 Team/(23611:23611): Squirtle
[TRACE] 12:45:17:875 Team/(23611:23611): Charmander
[TRACE] 12:45:17:875 Team/(23611:23611): Pikachu
[TRACE] 12:45:17:876 Team/(23611:23611): Charmander
[TRACE] 12:45:17:876 Team/(23611:23611): Charmander
[TRACE] 12:45:17:876 Team/(23611:23611): Data Entrenador: Posicion 5 5
[TRACE] 12:45:17:876 Team/(23611:23611): Bulbasaur
[TRACE] 12:45:17:876 Team/(23611:23611): Squirtle
[TRACE] 12:45:17:876 Team/(23611:23611): Bulbasaur
[TRACE] 12:45:17:876 Team/(23611:23611): --- Entrenadores mostrados ---
[TRACE] 12:45:17:877 Team/(23611:23611): --- Kokemones obtenidos ---
[TRACE] 12:45:17:877 Team/(23611:23611): Pikachu
[TRACE] 12:45:17:877 Team/(23611:23611): Pikachu
[TRACE] 12:45:17:877 Team/(23611:23611): Squirtle
[TRACE] 12:45:17:877 Team/(23611:23611): Pidgey
[TRACE] 12:45:17:877 Team/(23611:23611): Pikachu
[TRACE] 12:45:17:877 Team/(23611:23611): Charmander
[TRACE] 12:45:17:878 Team/(23611:23611): Charmander
[TRACE] 12:45:17:878 Team/(23611:23611): Squirtle
[TRACE] 12:45:17:878 Team/(23611:23611): Bulbasaur
[TRACE] 12:45:17:878 Team/(23611:23611):  ---- Objetivos Formados ----
[TRACE] 12:45:17:878 Team/(23611:23611): Data de objetivo!
[TRACE] 12:45:17:878 Team/(23611:23611): objetivo: Pikachu
[TRACE] 12:45:17:878 Team/(23611:23611): objetivo: 3
[TRACE] 12:45:17:879 Team/(23611:23611): Data de objetivo!
[TRACE] 12:45:17:879 Team/(23611:23611): objetivo: Squirtle
[TRACE] 12:45:17:879 Team/(23611:23611): objetivo: 2
[TRACE] 12:45:17:879 Team/(23611:23611): Data de objetivo!
[TRACE] 12:45:17:879 Team/(23611:23611): objetivo: Pidgey
[TRACE] 12:45:17:879 Team/(23611:23611): objetivo: 1
[TRACE] 12:45:17:879 Team/(23611:23611): Data de objetivo!
[TRACE] 12:45:17:879 Team/(23611:23611): objetivo: Charmander
[TRACE] 12:45:17:879 Team/(23611:23611): objetivo: 2
[TRACE] 12:45:17:880 Team/(23611:23611): Data de objetivo!
[TRACE] 12:45:17:880 Team/(23611:23611): objetivo: Bulbasaur
[TRACE] 12:45:17:880 Team/(23611:23611): objetivo: 1
[TRACE] 12:45:17:880 Team/(23611:23611): Ip Gameboy Leida : 127.0.0.2 Puerto Gameboy Leido :  5002

[TRACE] 12:45:17:880 Team/(23611:23611): Esperando Cliente
[TRACE] 12:45:17:880 Team/(23611:23611): Va a ejecutar 'accept'.
[TRACE] 12:45:17:880 Team/(23611:23613): Ip BROKER Leida : 127.0.0.1 Puerto BROKER Leido : 4444

[TRACE] 12:45:17:881 Team/(23611:23613): Enviado get para: Pikachu
[TRACE] 12:45:17:882 Team/(23611:23613): Enviado get para: Squirtle
[TRACE] 12:45:17:882 Team/(23611:23613): Enviado get para: Pidgey
[TRACE] 12:45:17:882 Team/(23611:23612): Ip BROKER Leida : 127.0.0.1 Puerto BROKER Leido : 4444

[TRACE] 12:45:17:882 Team/(23611:23613): Enviado get para: Charmander
[TRACE] 12:45:17:882 Team/(23611:23613): Enviado get para: Bulbasaur
[TRACE] 12:45:17:882 Team/(23611:23613): Gets enviados
[TRACE] 12:45:17:885 Team/(23611:23612): Mensaje suscripcion enviado
[TRACE] 12:45:17:885 Team/(23611:23612): socket a esperar 8
[TRACE] 12:45:17:886 Team/(23611:23612): Suscripcion completada
[TRACE] 12:45:17:886 Team/(23611:23612): Ip BROKER Leida : 127.0.0.1 Puerto BROKER Leido : 4444

[TRACE] 12:45:17:886 Team/(23611:23612): Mensaje suscripcion enviado
[TRACE] 12:45:17:886 Team/(23611:23612): socket a esperar 9
[TRACE] 12:45:17:886 Team/(23611:23612): Suscripcion completada
[TRACE] 12:45:17:886 Team/(23611:23612): Ip BROKER Leida : 127.0.0.1 Puerto BROKER Leido : 4444

[TRACE] 12:45:17:886 Team/(23611:23612): Mensaje suscripcion enviado
[TRACE] 12:45:17:886 Team/(23611:23612): socket a esperar 10
[TRACE] 12:45:17:886 Team/(23611:23612): Suscripcion completada
[TRACE] 12:45:17:887 Team/(23611:23618): Esperando que aparezcan mensajes en 9
[TRACE] 12:45:17:887 Team/(23611:23620): Esperando que aparezcan mensajes en 10
[TRACE] 12:45:17:887 Team/(23611:23616): Esperando que aparezcan mensajes en 8
[TRACE] 12:45:44:548 Team/(23611:23620): Mensaje recibido, cod_op: -1257254072.
[TRACE] 12:45:44:548 Team/(23611:23618): Mensaje recibido, cod_op: -1248861368.
[TRACE] 12:45:44:548 Team/(23611:23616): Mensaje recibido, cod_op: -1240468664.
